Started GET "/" for 127.0.0.1 at 2023-11-07 12:35:16 +0300
  [1m[35m (1.2ms)[0m  [1m[35mCREATE TABLE "schema_migrations" ("version" varchar NOT NULL PRIMARY KEY)[0m
  [1m[35m (0.1ms)[0m  [1m[35mCREATE TABLE "ar_internal_metadata" ("key" varchar NOT NULL PRIMARY KEY, "value" varchar, "created_at" datetime(6) NOT NULL, "updated_at" datetime(6) NOT NULL)[0m
  [1m[36mActiveRecord::SchemaMigration Load (0.1ms)[0m  [1m[34mSELECT "schema_migrations"."version" FROM "schema_migrations" ORDER BY "schema_migrations"."version" ASC[0m
Processing by Rails::WelcomeController#index as HTML
  Rendering /home/alya/.asdf/installs/ruby/3.2.2/lib/ruby/gems/3.2.0/gems/railties-7.1.1/lib/rails/templates/rails/welcome/index.html.erb
  Rendered /home/alya/.asdf/installs/ruby/3.2.2/lib/ruby/gems/3.2.0/gems/railties-7.1.1/lib/rails/templates/rails/welcome/index.html.erb (Duration: 0.4ms | Allocations: 374)
Completed 200 OK in 12ms (Views: 4.1ms | ActiveRecord: 0.0ms | Allocations: 7873)


Started GET "/" for 127.0.0.1 at 2023-11-07 13:00:01 +0300
  [1m[36mActiveRecord::SchemaMigration Load (0.1ms)[0m  [1m[34mSELECT "schema_migrations"."version" FROM "schema_migrations" ORDER BY "schema_migrations"."version" ASC[0m
Processing by ArmsController#input as HTML
  Rendering layout layouts/application.html.erb
  Rendering arms/input.html.erb within layouts/application
  Rendered arms/input.html.erb within layouts/application (Duration: 2.3ms | Allocations: 495)
  Rendered layout layouts/application.html.erb (Duration: 205.9ms | Allocations: 98856)
Completed 200 OK in 212ms (Views: 209.0ms | ActiveRecord: 0.0ms | Allocations: 102919)


Started GET "/lab_8/output?val=1&commit=Numbers" for 127.0.0.1 at 2023-11-07 13:00:16 +0300
  
ActionController::RoutingError (No route matches [GET] "/lab_8/output"):
  
Started GET "/" for 127.0.0.1 at 2023-11-07 13:00:16 +0300
Processing by ArmsController#input as HTML
  Rendering layout layouts/application.html.erb
  Rendering arms/input.html.erb within layouts/application
  Rendered arms/input.html.erb within layouts/application (Duration: 0.1ms | Allocations: 89)
  Rendered layout layouts/application.html.erb (Duration: 2.2ms | Allocations: 2216)
Completed 200 OK in 3ms (Views: 2.5ms | ActiveRecord: 0.0ms | Allocations: 2464)


Started GET "/lab_8/output?val=10&commit=Numbers" for 127.0.0.1 at 2023-11-07 13:00:27 +0300
  
ActionController::RoutingError (No route matches [GET] "/lab_8/output"):
  
Started GET "/" for 127.0.0.1 at 2023-11-07 13:00:27 +0300
Processing by ArmsController#input as HTML
  Rendering layout layouts/application.html.erb
  Rendering arms/input.html.erb within layouts/application
  Rendered arms/input.html.erb within layouts/application (Duration: 0.1ms | Allocations: 89)
  Rendered layout layouts/application.html.erb (Duration: 1.7ms | Allocations: 2216)
Completed 200 OK in 2ms (Views: 2.0ms | ActiveRecord: 0.0ms | Allocations: 2460)


Started GET "/" for 127.0.0.1 at 2023-11-07 13:12:22 +0300
  
SyntaxError (/home/alya/lab_8/app/controllers/arms_controller.rb:31: syntax error, unexpected `end'):
  
app/controllers/arms_controller.rb:31: syntax error, unexpected `end'
Started GET "/" for 127.0.0.1 at 2023-11-07 13:12:42 +0300
Processing by ArmsController#input as HTML
  Rendering layout layouts/application.html.erb
  Rendering arms/input.html.erb within layouts/application
  Rendered arms/input.html.erb within layouts/application (Duration: 0.4ms | Allocations: 304)
  Rendered layout layouts/application.html.erb (Duration: 6.4ms | Allocations: 13563)
Completed 200 OK in 8ms (Views: 7.3ms | ActiveRecord: 0.0ms | Allocations: 14461)


Started GET "/lab_8/output?val=2&commit=Numbers" for 127.0.0.1 at 2023-11-07 13:12:46 +0300
  
ActionController::RoutingError (No route matches [GET] "/lab_8/output"):
  
Started GET "/" for 127.0.0.1 at 2023-11-07 13:12:46 +0300
Processing by ArmsController#input as HTML
  Rendering layout layouts/application.html.erb
  Rendering arms/input.html.erb within layouts/application
  Rendered arms/input.html.erb within layouts/application (Duration: 0.3ms | Allocations: 89)
  Rendered layout layouts/application.html.erb (Duration: 3.7ms | Allocations: 2201)
Completed 200 OK in 5ms (Views: 4.4ms | ActiveRecord: 0.0ms | Allocations: 2445)


Started GET "/lab_8/output?val=2&commit=Numbers" for 127.0.0.1 at 2023-11-07 13:12:48 +0300
  
ActionController::RoutingError (No route matches [GET] "/lab_8/output"):
  
Started GET "/" for 127.0.0.1 at 2023-11-07 13:12:48 +0300
Processing by ArmsController#input as HTML
  Rendering layout layouts/application.html.erb
  Rendering arms/input.html.erb within layouts/application
  Rendered arms/input.html.erb within layouts/application (Duration: 0.2ms | Allocations: 89)
  Rendered layout layouts/application.html.erb (Duration: 1.8ms | Allocations: 2204)
Completed 200 OK in 2ms (Views: 2.0ms | ActiveRecord: 0.0ms | Allocations: 2448)


Started GET "/lab_8/output?val=2&commit=Numbers" for 127.0.0.1 at 2023-11-07 13:12:51 +0300
  
ActionController::RoutingError (No route matches [GET] "/lab_8/output"):
  
Started GET "/" for 127.0.0.1 at 2023-11-07 13:12:51 +0300
Processing by ArmsController#input as HTML
  Rendering layout layouts/application.html.erb
  Rendering arms/input.html.erb within layouts/application
  Rendered arms/input.html.erb within layouts/application (Duration: 0.1ms | Allocations: 89)
  Rendered layout layouts/application.html.erb (Duration: 1.8ms | Allocations: 2210)
Completed 200 OK in 2ms (Views: 2.0ms | ActiveRecord: 0.0ms | Allocations: 2454)


Started GET "/" for 127.0.0.1 at 2023-11-07 13:13:16 +0300
Processing by ArmsController#input as HTML
  Rendering layout layouts/application.html.erb
  Rendering arms/input.html.erb within layouts/application
  Rendered arms/input.html.erb within layouts/application (Duration: 0.6ms | Allocations: 305)
  Rendered layout layouts/application.html.erb (Duration: 7.0ms | Allocations: 13569)
Completed 200 OK in 8ms (Views: 7.9ms | ActiveRecord: 0.0ms | Allocations: 14466)


Started GET "/" for 127.0.0.1 at 2023-11-07 13:14:06 +0300
Processing by ArmsController#input as HTML
  Rendering layout layouts/application.html.erb
  Rendering arms/input.html.erb within layouts/application
  Rendered arms/input.html.erb within layouts/application (Duration: 0.4ms | Allocations: 304)
  Rendered layout layouts/application.html.erb (Duration: 6.8ms | Allocations: 13394)
Completed 200 OK in 8ms (Views: 7.6ms | ActiveRecord: 0.0ms | Allocations: 14291)


Started GET "/lab_8/output?val=2&commit=Go%21" for 127.0.0.1 at 2023-11-07 13:14:09 +0300
  
ActionController::RoutingError (No route matches [GET] "/lab_8/output"):
  
Started GET "/" for 127.0.0.1 at 2023-11-07 13:14:09 +0300
Processing by ArmsController#input as HTML
  Rendering layout layouts/application.html.erb
  Rendering arms/input.html.erb within layouts/application
  Rendered arms/input.html.erb within layouts/application (Duration: 0.4ms | Allocations: 89)
  Rendered layout layouts/application.html.erb (Duration: 2.9ms | Allocations: 2204)
Completed 200 OK in 4ms (Views: 3.3ms | ActiveRecord: 0.0ms | Allocations: 2448)


Started GET "/" for 127.0.0.1 at 2023-11-07 13:16:13 +0300
  
NameError (undefined local variable or method `armstrong_numbers' for ArmsController:Class):
  
app/controllers/arms_controller.rb:27:in `<class:ArmsController>'
app/controllers/arms_controller.rb:1:in `<main>'
Started GET "/" for 127.0.0.1 at 2023-11-07 13:16:25 +0300
  
NameError (undefined local variable or method `armstrong_numbers' for ArmsController:Class):
  
app/controllers/arms_controller.rb:27:in `<class:ArmsController>'
app/controllers/arms_controller.rb:1:in `<main>'
Started GET "/" for 127.0.0.1 at 2023-11-07 13:16:46 +0300
  
NameError (undefined local variable or method `armstrong_numbers' for ArmsController:Class):
  
app/controllers/arms_controller.rb:27:in `<class:ArmsController>'
app/controllers/arms_controller.rb:1:in `<main>'
Started GET "/" for 127.0.0.1 at 2023-11-07 13:16:47 +0300
  
NameError (undefined local variable or method `armstrong_numbers' for ArmsController:Class):
  
app/controllers/arms_controller.rb:27:in `<class:ArmsController>'
app/controllers/arms_controller.rb:1:in `<main>'
Started GET "/" for 127.0.0.1 at 2023-11-07 13:16:56 +0300
  
NameError (undefined local variable or method `armstrong_numbers' for ArmsController:Class):
  
app/controllers/arms_controller.rb:27:in `<class:ArmsController>'
app/controllers/arms_controller.rb:1:in `<main>'
Started GET "/" for 127.0.0.1 at 2023-11-07 13:17:13 +0300
  
NameError (undefined local variable or method `armstrong_numbers' for ArmsController:Class):
  
app/controllers/arms_controller.rb:28:in `<class:ArmsController>'
app/controllers/arms_controller.rb:1:in `<main>'
Started GET "/" for 127.0.0.1 at 2023-11-07 13:17:46 +0300
  
NameError (undefined local variable or method `armstrong_numbers' for ArmsController:Class):
  
app/controllers/arms_controller.rb:28:in `<class:ArmsController>'
app/controllers/arms_controller.rb:1:in `<main>'
Started GET "/" for 127.0.0.1 at 2023-11-07 13:18:23 +0300
  
NameError (undefined local variable or method `armstrong_numbers' for ArmsController:Class):
  
app/controllers/arms_controller.rb:28:in `<class:ArmsController>'
app/controllers/arms_controller.rb:1:in `<main>'
Started GET "/" for 127.0.0.1 at 2023-11-07 13:19:14 +0300
Processing by ArmsController#input as HTML
  Rendering layout layouts/application.html.erb
  Rendering arms/input.html.erb within layouts/application
  Rendered arms/input.html.erb within layouts/application (Duration: 0.4ms | Allocations: 306)
  Rendered layout layouts/application.html.erb (Duration: 6.6ms | Allocations: 13633)
Completed 200 OK in 8ms (Views: 7.4ms | ActiveRecord: 0.0ms | Allocations: 14538)


Started GET "/lab_8/output?val=2&commit=Go%21" for 127.0.0.1 at 2023-11-07 13:19:17 +0300
  
ActionController::RoutingError (No route matches [GET] "/lab_8/output"):
  
Started GET "/" for 127.0.0.1 at 2023-11-07 13:19:17 +0300
Processing by ArmsController#input as HTML
  Rendering layout layouts/application.html.erb
  Rendering arms/input.html.erb within layouts/application
  Rendered arms/input.html.erb within layouts/application (Duration: 0.1ms | Allocations: 89)
  Rendered layout layouts/application.html.erb (Duration: 1.6ms | Allocations: 2227)
Completed 200 OK in 2ms (Views: 1.9ms | ActiveRecord: 0.0ms | Allocations: 2471)


Started GET "/lab_8/output?val=2&commit=Go%21" for 127.0.0.1 at 2023-11-07 13:19:19 +0300
  
ActionController::RoutingError (No route matches [GET] "/lab_8/output"):
  
Started GET "/" for 127.0.0.1 at 2023-11-07 13:19:19 +0300
Processing by ArmsController#input as HTML
  Rendering layout layouts/application.html.erb
  Rendering arms/input.html.erb within layouts/application
  Rendered arms/input.html.erb within layouts/application (Duration: 0.1ms | Allocations: 89)
  Rendered layout layouts/application.html.erb (Duration: 1.7ms | Allocations: 2245)
Completed 200 OK in 2ms (Views: 2.0ms | ActiveRecord: 0.0ms | Allocations: 2489)


Started GET "/" for 127.0.0.1 at 2023-11-07 13:20:15 +0300
Processing by ArmsController#input as HTML
  Rendering layout layouts/application.html.erb
  Rendering arms/input.html.erb within layouts/application
  Rendered arms/input.html.erb within layouts/application (Duration: 0.5ms | Allocations: 304)
  Rendered layout layouts/application.html.erb (Duration: 8.0ms | Allocations: 13607)
Completed 200 OK in 9ms (Views: 8.9ms | ActiveRecord: 0.0ms | Allocations: 14504)


Started GET "/lab_8/output?val=2&commit=Go%21" for 127.0.0.1 at 2023-11-07 13:20:18 +0300
  
ActionController::RoutingError (No route matches [GET] "/lab_8/output"):
  
Started GET "/" for 127.0.0.1 at 2023-11-07 13:20:18 +0300
Processing by ArmsController#input as HTML
  Rendering layout layouts/application.html.erb
  Rendering arms/input.html.erb within layouts/application
  Rendered arms/input.html.erb within layouts/application (Duration: 0.1ms | Allocations: 89)
  Rendered layout layouts/application.html.erb (Duration: 1.6ms | Allocations: 2218)
Completed 200 OK in 2ms (Views: 1.9ms | ActiveRecord: 0.0ms | Allocations: 2462)


Started GET "/lab_8/output?val=3&commit=Go%21" for 127.0.0.1 at 2023-11-07 13:20:20 +0300
  
ActionController::RoutingError (No route matches [GET] "/lab_8/output"):
  
Started GET "/" for 127.0.0.1 at 2023-11-07 13:20:20 +0300
Processing by ArmsController#input as HTML
  Rendering layout layouts/application.html.erb
  Rendering arms/input.html.erb within layouts/application
  Rendered arms/input.html.erb within layouts/application (Duration: 0.4ms | Allocations: 89)
  Rendered layout layouts/application.html.erb (Duration: 2.6ms | Allocations: 2218)
Completed 200 OK in 4ms (Views: 3.2ms | ActiveRecord: 0.0ms | Allocations: 2462)


Started GET "/lab_8/output?val=3&commit=Go%21" for 127.0.0.1 at 2023-11-07 13:20:27 +0300
  
ActionController::RoutingError (No route matches [GET] "/lab_8/output"):
  
Started GET "/" for 127.0.0.1 at 2023-11-07 13:20:27 +0300
Processing by ArmsController#input as HTML
  Rendering layout layouts/application.html.erb
  Rendering arms/input.html.erb within layouts/application
  Rendered arms/input.html.erb within layouts/application (Duration: 0.1ms | Allocations: 89)
  Rendered layout layouts/application.html.erb (Duration: 1.8ms | Allocations: 2218)
Completed 200 OK in 2ms (Views: 2.1ms | ActiveRecord: 0.0ms | Allocations: 2462)


Started GET "/" for 127.0.0.1 at 2023-11-07 13:21:07 +0300
Processing by ArmsController#input as HTML
  Rendering layout layouts/application.html.erb
  Rendering arms/input.html.erb within layouts/application
  Rendered arms/input.html.erb within layouts/application (Duration: 0.4ms | Allocations: 304)
  Rendered layout layouts/application.html.erb (Duration: 6.3ms | Allocations: 13592)
Completed 200 OK in 8ms (Views: 7.2ms | ActiveRecord: 0.0ms | Allocations: 14489)


Started GET "/output" for 127.0.0.1 at 2023-11-07 13:21:18 +0300
  
ActionController::RoutingError (No route matches [GET] "/output"):
  
Started GET "/input" for 127.0.0.1 at 2023-11-07 13:21:34 +0300
  
ActionController::RoutingError (No route matches [GET] "/input"):
  
Started GET "/arms_input" for 127.0.0.1 at 2023-11-07 13:21:44 +0300
  
ActionController::RoutingError (No route matches [GET] "/arms_input"):
  
Started GET "/arms/output(.:format)" for 127.0.0.1 at 2023-11-07 13:21:59 +0300
  
ActionController::RoutingError (No route matches [GET] "/arms/output(.:format)"):
  
Started GET "/arms/output(.:format)" for 127.0.0.1 at 2023-11-07 13:23:06 +0300
  
ActionController::RoutingError (No route matches [GET] "/arms/output(.:format)"):
  
Started GET "/" for 127.0.0.1 at 2023-11-07 13:23:11 +0300
Processing by ArmsController#input as HTML
  Rendering layout layouts/application.html.erb
  Rendering arms/input.html.erb within layouts/application
  Rendered arms/input.html.erb within layouts/application (Duration: 0.7ms | Allocations: 305)
  Rendered layout layouts/application.html.erb (Duration: 8.6ms | Allocations: 13621)
Completed 200 OK in 11ms (Views: 10.3ms | ActiveRecord: 0.0ms | Allocations: 14477)


Started GET "/arms/output?val=2&commit=Go%21" for 127.0.0.1 at 2023-11-07 13:23:14 +0300
Processing by ArmsController#output as HTML
  Parameters: {"val"=>"2", "commit"=>"Go!"}
  Rendering layout layouts/application.html.erb
  Rendering arms/output.html.erb within layouts/application
  Rendered arms/output.html.erb within layouts/application (Duration: 0.7ms | Allocations: 1279)
  Rendered layout layouts/application.html.erb (Duration: 0.8ms | Allocations: 1371)
Completed 500 Internal Server Error in 1ms (ActiveRecord: 0.0ms | Allocations: 2230)


  
ActionView::Template::Error (undefined method `calc_input_path' for #<ActionView::Base:0x0000000003f7f0>):
    16:           </tr>
    17:         <% end %>
    18:       </table>
    19:       <%= link_to "Try again", :calc_input %>
    20:     </div>
    21: </div>
  
app/views/arms/output.html.erb:19
Started GET "/" for 127.0.0.1 at 2023-11-07 13:23:34 +0300
Processing by ArmsController#input as HTML
  Rendering layout layouts/application.html.erb
  Rendering arms/input.html.erb within layouts/application
  Rendered arms/input.html.erb within layouts/application (Duration: 0.1ms | Allocations: 89)
  Rendered layout layouts/application.html.erb (Duration: 3.1ms | Allocations: 2245)
Completed 200 OK in 4ms (Views: 3.5ms | ActiveRecord: 0.0ms | Allocations: 2488)


Started GET "/arms/output?val=3&commit=Go%21" for 127.0.0.1 at 2023-11-07 13:23:37 +0300
Processing by ArmsController#output as HTML
  Parameters: {"val"=>"3", "commit"=>"Go!"}
  Rendering layout layouts/application.html.erb
  Rendering arms/output.html.erb within layouts/application
  Rendered arms/output.html.erb within layouts/application (Duration: 0.4ms | Allocations: 976)
  Rendered layout layouts/application.html.erb (Duration: 0.5ms | Allocations: 1068)
Completed 500 Internal Server Error in 2ms (ActiveRecord: 0.0ms | Allocations: 7600)


  
ActionView::Template::Error (undefined method `each' for 153:Integer):
     8:         </tr>
     9:         <% @armstrong_numbers.each do |row| %>
    10:           <tr>
    11:           <% row.each do |value| %>
    12:             <td>
    13:               <%= value %>
    14:             </td>
  
app/views/arms/output.html.erb:11
app/views/arms/output.html.erb:9:in `each'
app/views/arms/output.html.erb:9
Started GET "/" for 127.0.0.1 at 2023-11-07 13:25:44 +0300
Processing by ArmsController#input as HTML
  Rendering layout layouts/application.html.erb
  Rendering arms/input.html.erb within layouts/application
  Rendered arms/input.html.erb within layouts/application (Duration: 0.4ms | Allocations: 304)
  Rendered layout layouts/application.html.erb (Duration: 12.3ms | Allocations: 13653)
Completed 200 OK in 14ms (Views: 13.1ms | ActiveRecord: 0.0ms | Allocations: 14552)


Started GET "/arms/output?val=3&commit=Go%21" for 127.0.0.1 at 2023-11-07 13:25:46 +0300
Processing by ArmsController#output as HTML
  Parameters: {"val"=>"3", "commit"=>"Go!"}
  Rendering layout layouts/application.html.erb
  Rendering arms/output.html.erb within layouts/application
  Rendered arms/output.html.erb within layouts/application (Duration: 0.6ms | Allocations: 1188)
  Rendered layout layouts/application.html.erb (Duration: 0.7ms | Allocations: 1280)
Completed 500 Internal Server Error in 3ms (ActiveRecord: 0.0ms | Allocations: 7881)


  
ActionView::Template::Error (undefined method `calc_input_path' for #<ActionView::Base:0x00000000043328>):
    12:           </tr>
    13:         <% end %>
    14:       </table>
    15:       <%= link_to "Try again", :calc_input %>
    16:     </div>
    17: </div>
  
app/views/arms/output.html.erb:15
Started GET "/" for 127.0.0.1 at 2023-11-07 13:27:01 +0300
Processing by ArmsController#input as HTML
  Rendering layout layouts/application.html.erb
  Rendering arms/input.html.erb within layouts/application
  Rendered arms/input.html.erb within layouts/application (Duration: 0.4ms | Allocations: 306)
  Rendered layout layouts/application.html.erb (Duration: 6.9ms | Allocations: 13616)
Completed 200 OK in 8ms (Views: 7.7ms | ActiveRecord: 0.0ms | Allocations: 14518)


Started GET "/arms/output?val=3&commit=Go%21" for 127.0.0.1 at 2023-11-07 13:27:02 +0300
Processing by ArmsController#output as HTML
  Parameters: {"val"=>"3", "commit"=>"Go!"}
  Rendering layout layouts/application.html.erb
  Rendering arms/output.html.erb within layouts/application
  Rendered arms/output.html.erb within layouts/application (Duration: 0.4ms | Allocations: 276)
  Rendered layout layouts/application.html.erb (Duration: 2.0ms | Allocations: 2365)
Completed 200 OK in 4ms (Views: 2.4ms | ActiveRecord: 0.0ms | Allocations: 8981)


Started GET "/arms/input" for 127.0.0.1 at 2023-11-07 13:27:07 +0300
Processing by ArmsController#input as HTML
  Rendering layout layouts/application.html.erb
  Rendering arms/input.html.erb within layouts/application
  Rendered arms/input.html.erb within layouts/application (Duration: 0.3ms | Allocations: 89)
  Rendered layout layouts/application.html.erb (Duration: 3.3ms | Allocations: 2191)
Completed 200 OK in 4ms (Views: 3.7ms | ActiveRecord: 0.0ms | Allocations: 2437)


Started GET "/arms/output?val=4&commit=Go%21" for 127.0.0.1 at 2023-11-07 13:27:09 +0300
Processing by ArmsController#output as HTML
  Parameters: {"val"=>"4", "commit"=>"Go!"}
  Rendering layout layouts/application.html.erb
  Rendering arms/output.html.erb within layouts/application
  Rendered arms/output.html.erb within layouts/application (Duration: 0.2ms | Allocations: 37)
  Rendered layout layouts/application.html.erb (Duration: 1.9ms | Allocations: 2156)
Completed 200 OK in 18ms (Views: 2.4ms | ActiveRecord: 0.0ms | Allocations: 74411)


Started GET "/arms/output?val=4&commit=Go%21" for 127.0.0.1 at 2023-11-07 13:27:46 +0300
Processing by ArmsController#output as HTML
  Parameters: {"val"=>"4", "commit"=>"Go!"}
  Rendering layout layouts/application.html.erb
  Rendering arms/output.html.erb within layouts/application
  Rendered arms/output.html.erb within layouts/application (Duration: 0.5ms | Allocations: 262)
  Rendered layout layouts/application.html.erb (Duration: 7.1ms | Allocations: 13591)
Completed 200 OK in 61ms (Views: 8.6ms | ActiveRecord: 0.0ms | Allocations: 86505)


Started GET "/arms/input" for 127.0.0.1 at 2023-11-07 13:27:48 +0300
Processing by ArmsController#input as HTML
  Rendering layout layouts/application.html.erb
  Rendering arms/input.html.erb within layouts/application
  Rendered arms/input.html.erb within layouts/application (Duration: 0.4ms | Allocations: 293)
  Rendered layout layouts/application.html.erb (Duration: 2.1ms | Allocations: 2401)
Completed 200 OK in 3ms (Views: 2.4ms | ActiveRecord: 0.0ms | Allocations: 2707)


Started GET "/arms/output?val=3&commit=Go%21" for 127.0.0.1 at 2023-11-07 13:27:50 +0300
Processing by ArmsController#output as HTML
  Parameters: {"val"=>"3", "commit"=>"Go!"}
  Rendering layout layouts/application.html.erb
  Rendering arms/output.html.erb within layouts/application
  Rendered arms/output.html.erb within layouts/application (Duration: 0.1ms | Allocations: 37)
  Rendered layout layouts/application.html.erb (Duration: 2.4ms | Allocations: 2132)
Completed 200 OK in 5ms (Views: 2.7ms | ActiveRecord: 0.0ms | Allocations: 8686)


Started GET "/arms/output?val=3&commit=Go%21" for 127.0.0.1 at 2023-11-07 13:28:09 +0300
Processing by ArmsController#output as HTML
  Parameters: {"val"=>"3", "commit"=>"Go!"}
  Rendering layout layouts/application.html.erb
  Rendering arms/output.html.erb within layouts/application
  Rendered arms/output.html.erb within layouts/application (Duration: 0.4ms | Allocations: 257)
  Rendered layout layouts/application.html.erb (Duration: 8.4ms | Allocations: 13435)
Completed 200 OK in 11ms (Views: 9.3ms | ActiveRecord: 0.0ms | Allocations: 20645)


Started GET "/arms/input" for 127.0.0.1 at 2023-11-07 13:28:11 +0300
Processing by ArmsController#input as HTML
  Rendering layout layouts/application.html.erb
  Rendering arms/input.html.erb within layouts/application
  Rendered arms/input.html.erb within layouts/application (Duration: 0.5ms | Allocations: 295)
  Rendered layout layouts/application.html.erb (Duration: 2.3ms | Allocations: 2401)
Completed 200 OK in 3ms (Views: 2.6ms | ActiveRecord: 0.0ms | Allocations: 2707)


Started GET "/arms/output?val=3&commit=Go%21" for 127.0.0.1 at 2023-11-07 13:28:14 +0300
Processing by ArmsController#output as HTML
  Parameters: {"val"=>"3", "commit"=>"Go!"}
  Rendering layout layouts/application.html.erb
  Rendering arms/output.html.erb within layouts/application
  Rendered arms/output.html.erb within layouts/application (Duration: 0.1ms | Allocations: 37)
  Rendered layout layouts/application.html.erb (Duration: 4.1ms | Allocations: 2150)
Completed 200 OK in 8ms (Views: 4.5ms | ActiveRecord: 0.0ms | Allocations: 8704)


Started GET "/arms/output?val=3&commit=Go%21" for 127.0.0.1 at 2023-11-07 13:28:40 +0300
Processing by ArmsController#output as HTML
  Parameters: {"val"=>"3", "commit"=>"Go!"}
  Rendering layout layouts/application.html.erb
  Rendering arms/output.html.erb within layouts/application
  Rendered arms/output.html.erb within layouts/application (Duration: 0.4ms | Allocations: 256)
  Rendered layout layouts/application.html.erb (Duration: 6.5ms | Allocations: 13423)
Completed 200 OK in 9ms (Views: 7.4ms | ActiveRecord: 0.0ms | Allocations: 20640)


Started GET "/arms/input" for 127.0.0.1 at 2023-11-07 13:28:42 +0300
Processing by ArmsController#input as HTML
  Rendering layout layouts/application.html.erb
  Rendering arms/input.html.erb within layouts/application
  Rendered arms/input.html.erb within layouts/application (Duration: 0.5ms | Allocations: 293)
  Rendered layout layouts/application.html.erb (Duration: 2.1ms | Allocations: 2389)
Completed 200 OK in 3ms (Views: 2.3ms | ActiveRecord: 0.0ms | Allocations: 2695)


Started GET "/arms/output?val=3&commit=Go%21" for 127.0.0.1 at 2023-11-07 13:28:43 +0300
Processing by ArmsController#output as HTML
  Parameters: {"val"=>"3", "commit"=>"Go!"}
  Rendering layout layouts/application.html.erb
  Rendering arms/output.html.erb within layouts/application
  Rendered arms/output.html.erb within layouts/application (Duration: 0.1ms | Allocations: 37)
  Rendered layout layouts/application.html.erb (Duration: 2.4ms | Allocations: 2167)
Completed 200 OK in 7ms (Views: 2.8ms | ActiveRecord: 0.0ms | Allocations: 8726)


Started GET "/arms/input" for 127.0.0.1 at 2023-11-07 13:29:34 +0300
Processing by ArmsController#input as HTML
  Rendering layout layouts/application.html.erb
  Rendering arms/input.html.erb within layouts/application
  Rendered arms/input.html.erb within layouts/application (Duration: 0.4ms | Allocations: 308)
  Rendered layout layouts/application.html.erb (Duration: 6.7ms | Allocations: 13619)
Completed 200 OK in 9ms (Views: 7.7ms | ActiveRecord: 0.0ms | Allocations: 14523)


Started GET "/arms/output?val=3&commit=Go%21" for 127.0.0.1 at 2023-11-07 13:29:35 +0300
Processing by ArmsController#output as HTML
  Parameters: {"val"=>"3", "commit"=>"Go!"}
  Rendering layout layouts/application.html.erb
  Rendering arms/output.html.erb within layouts/application
  Rendered arms/output.html.erb within layouts/application (Duration: 0.4ms | Allocations: 195)
  Rendered layout layouts/application.html.erb (Duration: 2.0ms | Allocations: 2290)
Completed 200 OK in 3ms (Views: 2.2ms | ActiveRecord: 0.0ms | Allocations: 8910)


Started GET "/arms/output?val=3&commit=Go%21" for 127.0.0.1 at 2023-11-07 13:30:24 +0300
Processing by ArmsController#output as HTML
  Parameters: {"val"=>"3", "commit"=>"Go!"}
  Rendering layout layouts/application.html.erb
  Rendering arms/output.html.erb within layouts/application
  Rendered arms/output.html.erb within layouts/application (Duration: 0.3ms | Allocations: 209)
  Rendered layout layouts/application.html.erb (Duration: 7.5ms | Allocations: 13542)
Completed 200 OK in 10ms (Views: 8.2ms | ActiveRecord: 0.0ms | Allocations: 20754)


Started GET "/arms/input" for 127.0.0.1 at 2023-11-07 13:30:25 +0300
Processing by ArmsController#input as HTML
  Rendering layout layouts/application.html.erb
  Rendering arms/input.html.erb within layouts/application
  Rendered arms/input.html.erb within layouts/application (Duration: 0.6ms | Allocations: 293)
  Rendered layout layouts/application.html.erb (Duration: 2.3ms | Allocations: 2398)
Completed 200 OK in 3ms (Views: 2.6ms | ActiveRecord: 0.0ms | Allocations: 2704)


Started GET "/arms/output?val=3&commit=Go%21" for 127.0.0.1 at 2023-11-07 13:30:27 +0300
Processing by ArmsController#output as HTML
  Parameters: {"val"=>"3", "commit"=>"Go!"}
  Rendering layout layouts/application.html.erb
  Rendering arms/output.html.erb within layouts/application
  Rendered arms/output.html.erb within layouts/application (Duration: 0.1ms | Allocations: 37)
  Rendered layout layouts/application.html.erb (Duration: 1.7ms | Allocations: 2129)
Completed 200 OK in 3ms (Views: 1.9ms | ActiveRecord: 0.0ms | Allocations: 8684)


Started GET "/arms/input" for 127.0.0.1 at 2023-11-07 13:31:34 +0300
Processing by ArmsController#input as HTML
  Rendering layout layouts/application.html.erb
  Rendering arms/input.html.erb within layouts/application
  Rendered arms/input.html.erb within layouts/application (Duration: 0.2ms | Allocations: 89)
  Rendered layout layouts/application.html.erb (Duration: 2.7ms | Allocations: 2194)
Completed 200 OK in 3ms (Views: 3.1ms | ActiveRecord: 0.0ms | Allocations: 2440)


Started GET "/arms/output?val=3&commit=Go%21" for 127.0.0.1 at 2023-11-07 13:31:36 +0300
Processing by ArmsController#output as HTML
  Parameters: {"val"=>"3", "commit"=>"Go!"}
  Rendering layout layouts/application.html.erb
  Rendering arms/output.html.erb within layouts/application
  Rendered arms/output.html.erb within layouts/application (Duration: 0.1ms | Allocations: 37)
  Rendered layout layouts/application.html.erb (Duration: 3.6ms | Allocations: 2174)
Completed 200 OK in 5ms (Views: 3.9ms | ActiveRecord: 0.0ms | Allocations: 8729)


Started GET "/arms/output?val=3&commit=Go%21" for 127.0.0.1 at 2023-11-07 13:33:05 +0300
Processing by ArmsController#output as HTML
  Parameters: {"val"=>"3", "commit"=>"Go!"}
  Rendering layout layouts/application.html.erb
  Rendering arms/output.html.erb within layouts/application
  Rendered arms/output.html.erb within layouts/application (Duration: 0.3ms | Allocations: 218)
  Rendered layout layouts/application.html.erb (Duration: 12.7ms | Allocations: 13547)
Completed 200 OK in 15ms (Views: 13.5ms | ActiveRecord: 0.0ms | Allocations: 20759)


Started GET "/arms/input" for 127.0.0.1 at 2023-11-07 13:33:06 +0300
Processing by ArmsController#input as HTML
  Rendering layout layouts/application.html.erb
  Rendering arms/input.html.erb within layouts/application
  Rendered arms/input.html.erb within layouts/application (Duration: 0.6ms | Allocations: 293)
  Rendered layout layouts/application.html.erb (Duration: 17.1ms | Allocations: 2392)
Completed 200 OK in 20ms (Views: 17.9ms | ActiveRecord: 0.0ms | Allocations: 2698)


Started GET "/arms/output?val=3&commit=Go%21" for 127.0.0.1 at 2023-11-07 13:33:10 +0300
Processing by ArmsController#output as HTML
  Parameters: {"val"=>"3", "commit"=>"Go!"}
  Rendering layout layouts/application.html.erb
  Rendering arms/output.html.erb within layouts/application
  Rendered arms/output.html.erb within layouts/application (Duration: 0.2ms | Allocations: 44)
  Rendered layout layouts/application.html.erb (Duration: 3.8ms | Allocations: 2181)
Completed 200 OK in 11ms (Views: 4.2ms | ActiveRecord: 0.0ms | Allocations: 8736)


Started GET "/arms/input" for 127.0.0.1 at 2023-11-07 13:35:33 +0300
Processing by ArmsController#input as HTML
  Rendering layout layouts/application.html.erb
  Rendering arms/input.html.erb within layouts/application
  Rendered arms/input.html.erb within layouts/application (Duration: 0.4ms | Allocations: 306)
  Rendered layout layouts/application.html.erb (Duration: 9.0ms | Allocations: 13511)
Completed 200 OK in 11ms (Views: 10.2ms | ActiveRecord: 0.0ms | Allocations: 14415)


Started GET "/arms/output?val=3&commit=Go%21" for 127.0.0.1 at 2023-11-07 13:35:35 +0300
Processing by ArmsController#output as HTML
  Parameters: {"val"=>"3", "commit"=>"Go!"}
  Rendering layout layouts/application.html.erb
  Rendering arms/output.html.erb within layouts/application
  Rendered arms/output.html.erb within layouts/application (Duration: 1.4ms | Allocations: 1206)
  Rendered layout layouts/application.html.erb (Duration: 1.7ms | Allocations: 1298)
Completed 500 Internal Server Error in 5ms (ActiveRecord: 0.0ms | Allocations: 7899)


  
ActionView::Template::Error (undefined method `each' for 153:Integer):
     8:         </tr>
     9:         <% @armstrong_numbers.each do |row| %>
    10:           <tr>
    11:           <% row.each do |value| %>
    12:             <td>
    13:               <%= value %>
    14:             </td>
  
app/views/arms/output.html.erb:11
app/views/arms/output.html.erb:9:in `each'
app/views/arms/output.html.erb:9
Started GET "/arms/input" for 127.0.0.1 at 2023-11-07 13:36:59 +0300
Processing by ArmsController#input as HTML
  Rendering layout layouts/application.html.erb
  Rendering arms/input.html.erb within layouts/application
  Rendered arms/input.html.erb within layouts/application (Duration: 0.6ms | Allocations: 306)
  Rendered layout layouts/application.html.erb (Duration: 9.4ms | Allocations: 13640)
Completed 200 OK in 12ms (Views: 10.7ms | ActiveRecord: 0.0ms | Allocations: 14542)


Started GET "/arms/output?val=3&commit=Go%21" for 127.0.0.1 at 2023-11-07 13:37:01 +0300
Processing by ArmsController#output as HTML
  Parameters: {"val"=>"3", "commit"=>"Go!"}
  Rendering layout layouts/application.html.erb
  Rendering arms/output.html.erb within layouts/application
  Rendered arms/output.html.erb within layouts/application (Duration: 0.8ms | Allocations: 1214)
  Rendered layout layouts/application.html.erb (Duration: 0.9ms | Allocations: 1314)
Completed 500 Internal Server Error in 3ms (ActiveRecord: 0.0ms | Allocations: 7947)


  
ActionView::SyntaxErrorInTemplate (Encountered a syntax error while rendering template: check <div class = "form">
  <div class = "words mb-2">Result:</div>
    <div class = "words">
      <table border = "1" class="table">
        <tr >
          <th>N</th>
          <th>N^2</th>
        </tr>
        <% @armstrong_numbers.each do |value| %>
          <tr>
              <%= value %>
          <% end %>
          </tr>
        <% end %>
      </table>
      <%= link_to "Try again", :calc_input %>
    </div>
</div>
):
1:    <div class = "form">
2:      <div class = "words mb-2">Result:</div>
3:        <div class = "words">
4:          <table border = "1" class="table">
5:            <tr >
6:              <th>N</th>
7:              <th>N^2</th>
8:            </tr>
9:            <% @armstrong_numbers.each do |value| %>
10:              <tr>
11:                  <%= value %>
12:              <% end %>
13:              </tr>
14:            <% end %>
15:          </table>
16:          <%= link_to "Try again", :calc_input %>
17:        </div>
18:    </div>
  
app/views/arms/output.html.erb:20: syntax error, unexpected `end'
Started GET "/arms/input" for 127.0.0.1 at 2023-11-07 13:37:44 +0300
Processing by ArmsController#input as HTML
  Rendering layout layouts/application.html.erb
  Rendering arms/input.html.erb within layouts/application
  Rendered arms/input.html.erb within layouts/application (Duration: 0.5ms | Allocations: 304)
  Rendered layout layouts/application.html.erb (Duration: 8.6ms | Allocations: 13613)
Completed 200 OK in 10ms (Views: 9.6ms | ActiveRecord: 0.0ms | Allocations: 14511)


Started GET "/arms/output?val=3&commit=Go%21" for 127.0.0.1 at 2023-11-07 13:37:45 +0300
Processing by ArmsController#output as HTML
  Parameters: {"val"=>"3", "commit"=>"Go!"}
  Rendering layout layouts/application.html.erb
  Rendering arms/output.html.erb within layouts/application
  Rendered arms/output.html.erb within layouts/application (Duration: 0.8ms | Allocations: 1194)
  Rendered layout layouts/application.html.erb (Duration: 0.9ms | Allocations: 1286)
Completed 500 Internal Server Error in 3ms (ActiveRecord: 0.0ms | Allocations: 7887)


  
ActionView::Template::Error (undefined method `calc_input_path' for #<ActionView::Base:0x00000000065d60>):
    12:           </tr>
    13:         <% end %>
    14:       </table>
    15:       <%= link_to "Try again", :calc_input %>
    16:     </div>
    17: </div>
  
app/views/arms/output.html.erb:15
Started GET "/arms/input" for 127.0.0.1 at 2023-11-07 13:38:12 +0300
Processing by ArmsController#input as HTML
  Rendering layout layouts/application.html.erb
  Rendering arms/input.html.erb within layouts/application
  Rendered arms/input.html.erb within layouts/application (Duration: 0.5ms | Allocations: 304)
  Rendered layout layouts/application.html.erb (Duration: 9.4ms | Allocations: 13631)
Completed 200 OK in 12ms (Views: 10.8ms | ActiveRecord: 0.0ms | Allocations: 14529)


Started GET "/arms/output?val=3&commit=Go%21" for 127.0.0.1 at 2023-11-07 13:38:13 +0300
Processing by ArmsController#output as HTML
  Parameters: {"val"=>"3", "commit"=>"Go!"}
  Rendering layout layouts/application.html.erb
  Rendering arms/output.html.erb within layouts/application
  Rendered arms/output.html.erb within layouts/application (Duration: 1.0ms | Allocations: 178)
  Rendered layout layouts/application.html.erb (Duration: 3.7ms | Allocations: 2289)
Completed 200 OK in 6ms (Views: 4.1ms | ActiveRecord: 0.0ms | Allocations: 8904)


Started GET "/arms/output?val=3&commit=Go%21" for 127.0.0.1 at 2023-11-07 13:39:42 +0300
Processing by ArmsController#output as HTML
  Parameters: {"val"=>"3", "commit"=>"Go!"}
  Rendering layout layouts/application.html.erb
  Rendering arms/output.html.erb within layouts/application
  Rendered arms/output.html.erb within layouts/application (Duration: 0.6ms | Allocations: 268)
  Rendered layout layouts/application.html.erb (Duration: 11.2ms | Allocations: 13602)
Completed 200 OK in 14ms (Views: 12.3ms | ActiveRecord: 0.0ms | Allocations: 20814)


Started GET "/arms/input" for 127.0.0.1 at 2023-11-07 13:39:43 +0300
Processing by ArmsController#input as HTML
  Rendering layout layouts/application.html.erb
  Rendering arms/input.html.erb within layouts/application
  Rendered arms/input.html.erb within layouts/application (Duration: 0.7ms | Allocations: 293)
  Rendered layout layouts/application.html.erb (Duration: 2.7ms | Allocations: 2392)
Completed 200 OK in 4ms (Views: 3.2ms | ActiveRecord: 0.0ms | Allocations: 2698)


Started GET "/arms/output?val=3&commit=Go%21" for 127.0.0.1 at 2023-11-07 13:39:46 +0300
Processing by ArmsController#output as HTML
  Parameters: {"val"=>"3", "commit"=>"Go!"}
  Rendering layout layouts/application.html.erb
  Rendering arms/output.html.erb within layouts/application
  Rendered arms/output.html.erb within layouts/application (Duration: 0.3ms | Allocations: 45)
  Rendered layout layouts/application.html.erb (Duration: 4.4ms | Allocations: 2137)
Completed 200 OK in 9ms (Views: 5.0ms | ActiveRecord: 0.0ms | Allocations: 8692)


Started GET "/arms/output?val=3&commit=Go%21" for 127.0.0.1 at 2023-11-07 13:40:11 +0300
Processing by ArmsController#output as HTML
  Parameters: {"val"=>"3", "commit"=>"Go!"}
  Rendering layout layouts/application.html.erb
  Rendering arms/output.html.erb within layouts/application
  Rendered arms/output.html.erb within layouts/application (Duration: 0.4ms | Allocations: 263)
  Rendered layout layouts/application.html.erb (Duration: 8.0ms | Allocations: 13358)
Completed 200 OK in 10ms (Views: 8.9ms | ActiveRecord: 0.0ms | Allocations: 20566)


Started GET "/arms/input" for 127.0.0.1 at 2023-11-07 13:40:13 +0300
Processing by ArmsController#input as HTML
  Rendering layout layouts/application.html.erb
  Rendering arms/input.html.erb within layouts/application
  Rendered arms/input.html.erb within layouts/application (Duration: 0.9ms | Allocations: 293)
  Rendered layout layouts/application.html.erb (Duration: 2.9ms | Allocations: 2392)
Completed 200 OK in 4ms (Views: 3.2ms | ActiveRecord: 0.0ms | Allocations: 2698)


Started GET "/arms/output?val=3&commit=Go%21" for 127.0.0.1 at 2023-11-07 13:40:15 +0300
Processing by ArmsController#output as HTML
  Parameters: {"val"=>"3", "commit"=>"Go!"}
  Rendering layout layouts/application.html.erb
  Rendering arms/output.html.erb within layouts/application
  Rendered arms/output.html.erb within layouts/application (Duration: 0.3ms | Allocations: 45)
  Rendered layout layouts/application.html.erb (Duration: 5.4ms | Allocations: 2158)
Completed 200 OK in 9ms (Views: 6.4ms | ActiveRecord: 0.0ms | Allocations: 8712)


Started GET "/arms/input" for 127.0.0.1 at 2023-11-07 13:41:17 +0300
Processing by ArmsController#input as HTML
  Rendering layout layouts/application.html.erb
  Rendering arms/input.html.erb within layouts/application
  Rendered arms/input.html.erb within layouts/application (Duration: 0.5ms | Allocations: 306)
  Rendered layout layouts/application.html.erb (Duration: 11.5ms | Allocations: 13631)
Completed 200 OK in 14ms (Views: 12.4ms | ActiveRecord: 0.0ms | Allocations: 14535)


Started GET "/arms/output?val=3&commit=Go%21" for 127.0.0.1 at 2023-11-07 13:41:19 +0300
Processing by ArmsController#output as HTML
  Parameters: {"val"=>"3", "commit"=>"Go!"}
  Rendering layout layouts/application.html.erb
  Rendering arms/output.html.erb within layouts/application
  Rendered arms/output.html.erb within layouts/application (Duration: 0.8ms | Allocations: 253)
  Rendered layout layouts/application.html.erb (Duration: 4.6ms | Allocations: 2351)
Completed 200 OK in 8ms (Views: 5.3ms | ActiveRecord: 0.0ms | Allocations: 8968)


Started GET "/arms/input" for 127.0.0.1 at 2023-11-07 13:42:16 +0300
Processing by ArmsController#input as HTML
  Rendering layout layouts/application.html.erb
  Rendering arms/input.html.erb within layouts/application
  Rendered arms/input.html.erb within layouts/application (Duration: 0.4ms | Allocations: 304)
  Rendered layout layouts/application.html.erb (Duration: 7.3ms | Allocations: 13414)
Completed 200 OK in 9ms (Views: 8.2ms | ActiveRecord: 0.0ms | Allocations: 14315)


Started GET "/arms/output?val=3&commit=Go%21" for 127.0.0.1 at 2023-11-07 13:42:18 +0300
Processing by ArmsController#output as HTML
  Parameters: {"val"=>"3", "commit"=>"Go!"}
  Rendering layout layouts/application.html.erb
  Rendering arms/output.html.erb within layouts/application
  Rendered arms/output.html.erb within layouts/application (Duration: 0.5ms | Allocations: 329)
  Rendered layout layouts/application.html.erb (Duration: 2.0ms | Allocations: 2433)
Completed 200 OK in 3ms (Views: 2.3ms | ActiveRecord: 0.0ms | Allocations: 9049)


Started GET "/arms/output?val=3&commit=Go%21" for 127.0.0.1 at 2023-11-07 13:43:17 +0300
Processing by ArmsController#output as HTML
  Parameters: {"val"=>"3", "commit"=>"Go!"}
  Rendering layout layouts/application.html.erb
  Rendering arms/output.html.erb within layouts/application
  Rendered arms/output.html.erb within layouts/application (Duration: 0.5ms | Allocations: 268)
  Rendered layout layouts/application.html.erb (Duration: 8.7ms | Allocations: 13590)
Completed 200 OK in 11ms (Views: 9.7ms | ActiveRecord: 0.0ms | Allocations: 20802)


Started GET "/arms/input" for 127.0.0.1 at 2023-11-07 13:43:19 +0300
Processing by ArmsController#input as HTML
  Rendering layout layouts/application.html.erb
  Rendering arms/input.html.erb within layouts/application
  Rendered arms/input.html.erb within layouts/application (Duration: 0.6ms | Allocations: 293)
  Rendered layout layouts/application.html.erb (Duration: 2.1ms | Allocations: 2407)
Completed 200 OK in 3ms (Views: 2.4ms | ActiveRecord: 0.0ms | Allocations: 2714)


Started GET "/arms/input" for 127.0.0.1 at 2023-11-07 13:44:50 +0300
Processing by ArmsController#input as HTML
  Rendering layout layouts/application.html.erb
  Rendering arms/input.html.erb within layouts/application
  Rendered arms/input.html.erb within layouts/application (Duration: 0.5ms | Allocations: 304)
  Rendered layout layouts/application.html.erb (Duration: 7.3ms | Allocations: 13414)
Completed 200 OK in 9ms (Views: 8.2ms | ActiveRecord: 0.0ms | Allocations: 14313)


Started GET "/arms/output?val=3&commit=Go%21" for 127.0.0.1 at 2023-11-07 13:44:52 +0300
Processing by ArmsController#output as HTML
  Parameters: {"val"=>"3", "commit"=>"Go!"}
  Rendering layout layouts/application.html.erb
  Rendering arms/output.html.erb within layouts/application
  Rendered arms/output.html.erb within layouts/application (Duration: 0.5ms | Allocations: 275)
  Rendered layout layouts/application.html.erb (Duration: 2.7ms | Allocations: 2376)
Completed 200 OK in 4ms (Views: 3.1ms | ActiveRecord: 0.0ms | Allocations: 8992)


Started GET "/arms/output?val=3&commit=Go%21" for 127.0.0.1 at 2023-11-07 13:45:22 +0300
Processing by ArmsController#output as HTML
  Parameters: {"val"=>"3", "commit"=>"Go!"}
  Rendering layout layouts/application.html.erb
  Rendering arms/output.html.erb within layouts/application
  Rendered arms/output.html.erb within layouts/application (Duration: 0.4ms | Allocations: 287)
  Rendered layout layouts/application.html.erb (Duration: 8.3ms | Allocations: 14952)
Completed 200 OK in 11ms (Views: 9.3ms | ActiveRecord: 0.0ms | Allocations: 22164)


Started GET "/arms/output?val=3&commit=Go%21" for 127.0.0.1 at 2023-11-07 13:45:39 +0300
Processing by ArmsController#output as HTML
  Parameters: {"val"=>"3", "commit"=>"Go!"}
  Rendering layout layouts/application.html.erb
  Rendering arms/output.html.erb within layouts/application
  Rendered arms/output.html.erb within layouts/application (Duration: 0.4ms | Allocations: 283)
  Rendered layout layouts/application.html.erb (Duration: 6.2ms | Allocations: 13385)
Completed 200 OK in 8ms (Views: 6.9ms | ActiveRecord: 0.0ms | Allocations: 20594)


Started GET "/arms/output?val=3&commit=Go%21" for 127.0.0.1 at 2023-11-07 13:45:50 +0300
Processing by ArmsController#output as HTML
  Parameters: {"val"=>"3", "commit"=>"Go!"}
  Rendering layout layouts/application.html.erb
  Rendering arms/output.html.erb within layouts/application
  Rendered arms/output.html.erb within layouts/application (Duration: 0.4ms | Allocations: 283)
  Rendered layout layouts/application.html.erb (Duration: 10.3ms | Allocations: 13462)
Completed 200 OK in 12ms (Views: 11.1ms | ActiveRecord: 0.0ms | Allocations: 20671)


Started GET "/arms/output?val=3&commit=Go%21" for 127.0.0.1 at 2023-11-07 13:46:09 +0300
Processing by ArmsController#output as HTML
  Parameters: {"val"=>"3", "commit"=>"Go!"}
  Rendering layout layouts/application.html.erb
  Rendering arms/output.html.erb within layouts/application
  Rendered arms/output.html.erb within layouts/application (Duration: 0.7ms | Allocations: 287)
  Rendered layout layouts/application.html.erb (Duration: 7.2ms | Allocations: 13477)
Completed 200 OK in 10ms (Views: 8.1ms | ActiveRecord: 0.0ms | Allocations: 20689)


Started GET "/arms/output?val=3&commit=Go%21" for 127.0.0.1 at 2023-11-07 13:46:10 +0300
Processing by ArmsController#output as HTML
  Parameters: {"val"=>"3", "commit"=>"Go!"}
  Rendering layout layouts/application.html.erb
  Rendering arms/output.html.erb within layouts/application
  Rendered arms/output.html.erb within layouts/application (Duration: 0.1ms | Allocations: 47)
  Rendered layout layouts/application.html.erb (Duration: 2.1ms | Allocations: 2145)
Completed 200 OK in 4ms (Views: 2.4ms | ActiveRecord: 0.0ms | Allocations: 8697)


Started GET "/arms/output?val=3&commit=Go%21" for 127.0.0.1 at 2023-11-07 13:46:10 +0300
Processing by ArmsController#output as HTML
  Parameters: {"val"=>"3", "commit"=>"Go!"}
  Rendering layout layouts/application.html.erb
  Rendering arms/output.html.erb within layouts/application
  Rendered arms/output.html.erb within layouts/application (Duration: 0.4ms | Allocations: 47)
  Rendered layout layouts/application.html.erb (Duration: 2.3ms | Allocations: 2146)
Completed 200 OK in 4ms (Views: 2.6ms | ActiveRecord: 0.0ms | Allocations: 8698)


Started GET "/arms/output?val=3&commit=Go%21" for 127.0.0.1 at 2023-11-07 13:46:10 +0300
Processing by ArmsController#output as HTML
  Parameters: {"val"=>"3", "commit"=>"Go!"}
  Rendering layout layouts/application.html.erb
  Rendering arms/output.html.erb within layouts/application
  Rendered arms/output.html.erb within layouts/application (Duration: 0.2ms | Allocations: 47)
  Rendered layout layouts/application.html.erb (Duration: 2.6ms | Allocations: 2139)
Completed 200 OK in 4ms (Views: 3.0ms | ActiveRecord: 0.0ms | Allocations: 8691)


Started GET "/arms/output?val=3&commit=Go%21" for 127.0.0.1 at 2023-11-07 13:46:11 +0300
Processing by ArmsController#output as HTML
  Parameters: {"val"=>"3", "commit"=>"Go!"}
  Rendering layout layouts/application.html.erb
  Rendering arms/output.html.erb within layouts/application
  Rendered arms/output.html.erb within layouts/application (Duration: 0.5ms | Allocations: 47)
  Rendered layout layouts/application.html.erb (Duration: 2.9ms | Allocations: 2151)
Completed 200 OK in 4ms (Views: 3.2ms | ActiveRecord: 0.0ms | Allocations: 8703)


Started GET "/arms/output?val=3&commit=Go%21" for 127.0.0.1 at 2023-11-07 13:46:11 +0300
Processing by ArmsController#output as HTML
  Parameters: {"val"=>"3", "commit"=>"Go!"}
  Rendering layout layouts/application.html.erb
  Rendering arms/output.html.erb within layouts/application
  Rendered arms/output.html.erb within layouts/application (Duration: 0.2ms | Allocations: 47)
  Rendered layout layouts/application.html.erb (Duration: 2.0ms | Allocations: 2154)
Completed 200 OK in 3ms (Views: 2.3ms | ActiveRecord: 0.0ms | Allocations: 8706)


Started GET "/arms/output?val=3&commit=Go%21" for 127.0.0.1 at 2023-11-07 13:46:11 +0300
Processing by ArmsController#output as HTML
  Parameters: {"val"=>"3", "commit"=>"Go!"}
  Rendering layout layouts/application.html.erb
  Rendering arms/output.html.erb within layouts/application
  Rendered arms/output.html.erb within layouts/application (Duration: 0.2ms | Allocations: 47)
  Rendered layout layouts/application.html.erb (Duration: 2.6ms | Allocations: 2145)
Completed 200 OK in 4ms (Views: 3.0ms | ActiveRecord: 0.0ms | Allocations: 8697)


Started GET "/arms/output?val=3&commit=Go%21" for 127.0.0.1 at 2023-11-07 13:46:11 +0300
Processing by ArmsController#output as HTML
  Parameters: {"val"=>"3", "commit"=>"Go!"}
  Rendering layout layouts/application.html.erb
  Rendering arms/output.html.erb within layouts/application
  Rendered arms/output.html.erb within layouts/application (Duration: 0.1ms | Allocations: 47)
  Rendered layout layouts/application.html.erb (Duration: 1.9ms | Allocations: 2151)
Completed 200 OK in 3ms (Views: 2.2ms | ActiveRecord: 0.0ms | Allocations: 8703)


Started GET "/arms/output?val=3&commit=Go%21" for 127.0.0.1 at 2023-11-07 13:46:11 +0300
Processing by ArmsController#output as HTML
  Parameters: {"val"=>"3", "commit"=>"Go!"}
  Rendering layout layouts/application.html.erb
  Rendering arms/output.html.erb within layouts/application
  Rendered arms/output.html.erb within layouts/application (Duration: 0.1ms | Allocations: 47)
  Rendered layout layouts/application.html.erb (Duration: 1.8ms | Allocations: 2133)
Completed 200 OK in 3ms (Views: 2.2ms | ActiveRecord: 0.0ms | Allocations: 8685)


Started GET "/arms/output?val=3&commit=Go%21" for 127.0.0.1 at 2023-11-07 13:46:11 +0300
Processing by ArmsController#output as HTML
  Parameters: {"val"=>"3", "commit"=>"Go!"}
  Rendering layout layouts/application.html.erb
  Rendering arms/output.html.erb within layouts/application
  Rendered arms/output.html.erb within layouts/application (Duration: 0.1ms | Allocations: 47)
  Rendered layout layouts/application.html.erb (Duration: 1.7ms | Allocations: 2142)
Completed 200 OK in 7ms (Views: 6.0ms | ActiveRecord: 0.0ms | Allocations: 8694)


Started GET "/arms/output?val=3&commit=Go%21" for 127.0.0.1 at 2023-11-07 13:46:12 +0300
Processing by ArmsController#output as HTML
  Parameters: {"val"=>"3", "commit"=>"Go!"}
  Rendering layout layouts/application.html.erb
  Rendering arms/output.html.erb within layouts/application
  Rendered arms/output.html.erb within layouts/application (Duration: 0.2ms | Allocations: 47)
  Rendered layout layouts/application.html.erb (Duration: 2.1ms | Allocations: 2184)
Completed 200 OK in 4ms (Views: 2.4ms | ActiveRecord: 0.0ms | Allocations: 8737)


Started GET "/arms/output?val=3&commit=Go%21" for 127.0.0.1 at 2023-11-07 13:46:12 +0300
Processing by ArmsController#output as HTML
  Parameters: {"val"=>"3", "commit"=>"Go!"}
  Rendering layout layouts/application.html.erb
  Rendering arms/output.html.erb within layouts/application
  Rendered arms/output.html.erb within layouts/application (Duration: 0.3ms | Allocations: 47)
  Rendered layout layouts/application.html.erb (Duration: 2.1ms | Allocations: 2149)
Completed 200 OK in 4ms (Views: 2.4ms | ActiveRecord: 0.0ms | Allocations: 8701)


Started GET "/arms/output?val=3&commit=Go%21" for 127.0.0.1 at 2023-11-07 13:46:12 +0300
Processing by ArmsController#output as HTML
  Parameters: {"val"=>"3", "commit"=>"Go!"}
  Rendering layout layouts/application.html.erb
  Rendering arms/output.html.erb within layouts/application
  Rendered arms/output.html.erb within layouts/application (Duration: 0.2ms | Allocations: 47)
  Rendered layout layouts/application.html.erb (Duration: 2.6ms | Allocations: 2145)
Completed 200 OK in 5ms (Views: 2.9ms | ActiveRecord: 0.0ms | Allocations: 8697)


Started GET "/arms/output?val=3&commit=Go%21" for 127.0.0.1 at 2023-11-07 13:46:12 +0300
Processing by ArmsController#output as HTML
  Parameters: {"val"=>"3", "commit"=>"Go!"}
  Rendering layout layouts/application.html.erb
  Rendering arms/output.html.erb within layouts/application
  Rendered arms/output.html.erb within layouts/application (Duration: 0.3ms | Allocations: 47)
  Rendered layout layouts/application.html.erb (Duration: 2.9ms | Allocations: 2151)
Completed 200 OK in 5ms (Views: 3.3ms | ActiveRecord: 0.0ms | Allocations: 8703)


Started GET "/arms/output?val=3&commit=Go%21" for 127.0.0.1 at 2023-11-07 13:46:27 +0300
Processing by ArmsController#output as HTML
  Parameters: {"val"=>"3", "commit"=>"Go!"}
  Rendering layout layouts/application.html.erb
  Rendering arms/output.html.erb within layouts/application
  Rendered arms/output.html.erb within layouts/application (Duration: 0.4ms | Allocations: 287)
  Rendered layout layouts/application.html.erb (Duration: 7.3ms | Allocations: 13566)
Completed 200 OK in 9ms (Views: 8.1ms | ActiveRecord: 0.0ms | Allocations: 20778)


Started GET "/arms/output?val=3&commit=Go%21" for 127.0.0.1 at 2023-11-07 13:47:07 +0300
Processing by ArmsController#output as HTML
  Parameters: {"val"=>"3", "commit"=>"Go!"}
  Rendering layout layouts/application.html.erb
  Rendering arms/output.html.erb within layouts/application
  Rendered arms/output.html.erb within layouts/application (Duration: 0.9ms | Allocations: 285)
  Rendered layout layouts/application.html.erb (Duration: 8.7ms | Allocations: 13406)
Completed 200 OK in 11ms (Views: 10.0ms | ActiveRecord: 0.0ms | Allocations: 20614)


Started GET "/arms/output?val=3&commit=Go%21" for 127.0.0.1 at 2023-11-07 13:47:33 +0300
Processing by ArmsController#output as HTML
  Parameters: {"val"=>"3", "commit"=>"Go!"}
  Rendering layout layouts/application.html.erb
  Rendering arms/output.html.erb within layouts/application
  Rendered arms/output.html.erb within layouts/application (Duration: 0.4ms | Allocations: 289)
  Rendered layout layouts/application.html.erb (Duration: 8.1ms | Allocations: 13627)
Completed 200 OK in 10ms (Views: 9.0ms | ActiveRecord: 0.0ms | Allocations: 20839)


Started GET "/arms/output?val=3&commit=Go%21" for 127.0.0.1 at 2023-11-07 13:51:58 +0300
Processing by ArmsController#output as HTML
  Parameters: {"val"=>"3", "commit"=>"Go!"}
  Rendering layout layouts/application.html.erb
  Rendering arms/output.html.erb within layouts/application
  Rendered arms/output.html.erb within layouts/application (Duration: 0.6ms | Allocations: 286)
  Rendered layout layouts/application.html.erb (Duration: 9.3ms | Allocations: 13391)
Completed 200 OK in 12ms (Views: 10.5ms | ActiveRecord: 0.0ms | Allocations: 20600)


Started GET "/arms/output?val=3&commit=Go%21" for 127.0.0.1 at 2023-11-07 13:52:48 +0300
Processing by ArmsController#output as HTML
  Parameters: {"val"=>"3", "commit"=>"Go!"}
  Rendering layout layouts/application.html.erb
  Rendering arms/output.html.erb within layouts/application
  Rendered arms/output.html.erb within layouts/application (Duration: 0.5ms | Allocations: 290)
  Rendered layout layouts/application.html.erb (Duration: 10.5ms | Allocations: 13617)
Completed 200 OK in 14ms (Views: 11.6ms | ActiveRecord: 0.0ms | Allocations: 20829)


Started GET "/arms/output?val=3&commit=Go%21" for 127.0.0.1 at 2023-11-07 13:53:31 +0300
Processing by ArmsController#output as HTML
  Parameters: {"val"=>"3", "commit"=>"Go!"}
  Rendering layout layouts/application.html.erb
  Rendering arms/output.html.erb within layouts/application
  Rendered arms/output.html.erb within layouts/application (Duration: 1.7ms | Allocations: 287)
  Rendered layout layouts/application.html.erb (Duration: 11.6ms | Allocations: 13395)
Completed 200 OK in 15ms (Views: 12.8ms | ActiveRecord: 0.0ms | Allocations: 20604)


Started GET "/arms/output?val=3&commit=Go%21" for 127.0.0.1 at 2023-11-07 13:53:32 +0300
Processing by ArmsController#output as HTML
  Parameters: {"val"=>"3", "commit"=>"Go!"}
  Rendering layout layouts/application.html.erb
  Rendering arms/output.html.erb within layouts/application
  Rendered arms/output.html.erb within layouts/application (Duration: 0.1ms | Allocations: 47)
  Rendered layout layouts/application.html.erb (Duration: 2.9ms | Allocations: 2145)
Completed 200 OK in 4ms (Views: 3.4ms | ActiveRecord: 0.0ms | Allocations: 8697)


Started GET "/arms/output?val=3&commit=Go%21" for 127.0.0.1 at 2023-11-07 13:53:32 +0300
Processing by ArmsController#output as HTML
  Parameters: {"val"=>"3", "commit"=>"Go!"}
  Rendering layout layouts/application.html.erb
  Rendering arms/output.html.erb within layouts/application
  Rendered arms/output.html.erb within layouts/application (Duration: 0.2ms | Allocations: 47)
  Rendered layout layouts/application.html.erb (Duration: 4.2ms | Allocations: 2139)
Completed 200 OK in 7ms (Views: 4.9ms | ActiveRecord: 0.0ms | Allocations: 8691)


Started GET "/arms/output?val=3&commit=Go%21" for 127.0.0.1 at 2023-11-07 13:53:51 +0300
Processing by ArmsController#output as HTML
  Parameters: {"val"=>"3", "commit"=>"Go!"}
  Rendering layout layouts/application.html.erb
  Rendering arms/output.html.erb within layouts/application
  Rendered arms/output.html.erb within layouts/application (Duration: 0.6ms | Allocations: 284)
  Rendered layout layouts/application.html.erb (Duration: 9.6ms | Allocations: 13616)
Completed 200 OK in 14ms (Views: 11.3ms | ActiveRecord: 0.0ms | Allocations: 20828)


Started GET "/arms/output?val=3&commit=Go%21" for 127.0.0.1 at 2023-11-07 13:54:05 +0300
Processing by ArmsController#output as HTML
  Parameters: {"val"=>"3", "commit"=>"Go!"}
  Rendering layout layouts/application.html.erb
  Rendering arms/output.html.erb within layouts/application
  Rendered arms/output.html.erb within layouts/application (Duration: 0.6ms | Allocations: 285)
  Rendered layout layouts/application.html.erb (Duration: 10.9ms | Allocations: 13387)
Completed 200 OK in 14ms (Views: 12.1ms | ActiveRecord: 0.0ms | Allocations: 20596)


Started GET "/arms/output?val=3&commit=Go%21" for 127.0.0.1 at 2023-11-07 13:54:35 +0300
Processing by ArmsController#output as HTML
  Parameters: {"val"=>"3", "commit"=>"Go!"}
  Rendering layout layouts/application.html.erb
  Rendering arms/output.html.erb within layouts/application
  Rendered arms/output.html.erb within layouts/application (Duration: 0.9ms | Allocations: 287)
  Rendered layout layouts/application.html.erb (Duration: 10.3ms | Allocations: 13586)
Completed 200 OK in 14ms (Views: 11.5ms | ActiveRecord: 0.0ms | Allocations: 20798)


Started GET "/arms/output?val=3&commit=Go%21" for 127.0.0.1 at 2023-11-07 13:55:09 +0300
Processing by ArmsController#output as HTML
  Parameters: {"val"=>"3", "commit"=>"Go!"}
  Rendering layout layouts/application.html.erb
  Rendering arms/output.html.erb within layouts/application
  Rendered arms/output.html.erb within layouts/application (Duration: 0.2ms | Allocations: 47)
  Rendered layout layouts/application.html.erb (Duration: 3.5ms | Allocations: 2154)
Completed 200 OK in 7ms (Views: 4.1ms | ActiveRecord: 0.0ms | Allocations: 8706)


Started GET "/arms/output?val=3&commit=Go%21" for 127.0.0.1 at 2023-11-07 13:55:21 +0300
Processing by ArmsController#output as HTML
  Parameters: {"val"=>"3", "commit"=>"Go!"}
  Rendering layout layouts/application.html.erb
  Rendering arms/output.html.erb within layouts/application
  Rendered arms/output.html.erb within layouts/application (Duration: 0.5ms | Allocations: 284)
  Rendered layout layouts/application.html.erb (Duration: 8.0ms | Allocations: 13378)
Completed 200 OK in 12ms (Views: 9.0ms | ActiveRecord: 0.0ms | Allocations: 20587)


Started GET "/arms/output?val=3&commit=Go%21" for 127.0.0.1 at 2023-11-07 13:55:37 +0300
Processing by ArmsController#output as HTML
  Parameters: {"val"=>"3", "commit"=>"Go!"}
  Rendering layout layouts/application.html.erb
  Rendering arms/output.html.erb within layouts/application
  Rendered arms/output.html.erb within layouts/application (Duration: 1.0ms | Allocations: 286)
  Rendered layout layouts/application.html.erb (Duration: 11.6ms | Allocations: 13614)
Completed 200 OK in 17ms (Views: 13.0ms | ActiveRecord: 0.0ms | Allocations: 20826)


Started GET "/arms/output?val=3&commit=Go%21" for 127.0.0.1 at 2023-11-07 13:55:56 +0300
Processing by ArmsController#output as HTML
  Parameters: {"val"=>"3", "commit"=>"Go!"}
  Rendering layout layouts/application.html.erb
  Rendering arms/output.html.erb within layouts/application
  Rendered arms/output.html.erb within layouts/application (Duration: 0.4ms | Allocations: 285)
  Rendered layout layouts/application.html.erb (Duration: 10.0ms | Allocations: 13388)
Completed 200 OK in 13ms (Views: 11.0ms | ActiveRecord: 0.0ms | Allocations: 20597)


Started GET "/arms/output?val=3&commit=Go%21" for 127.0.0.1 at 2023-11-07 13:56:28 +0300
Processing by ArmsController#output as HTML
  Parameters: {"val"=>"3", "commit"=>"Go!"}
  Rendering layout layouts/application.html.erb
  Rendering arms/output.html.erb within layouts/application
  Rendered arms/output.html.erb within layouts/application (Duration: 0.7ms | Allocations: 348)
  Rendered layout layouts/application.html.erb (Duration: 15.6ms | Allocations: 13698)
Completed 200 OK in 19ms (Views: 16.6ms | ActiveRecord: 0.0ms | Allocations: 20907)


Started GET "/arms/output?val=3&commit=Go%21" for 127.0.0.1 at 2023-11-07 13:56:46 +0300
Processing by ArmsController#output as HTML
  Parameters: {"val"=>"3", "commit"=>"Go!"}
  Rendering layout layouts/application.html.erb
  Rendering arms/output.html.erb within layouts/application
  Rendered arms/output.html.erb within layouts/application (Duration: 0.5ms | Allocations: 287)
  Rendered layout layouts/application.html.erb (Duration: 9.0ms | Allocations: 13557)
Completed 200 OK in 14ms (Views: 10.5ms | ActiveRecord: 0.0ms | Allocations: 20769)


Started GET "/arms/output?val=3&commit=Go%21" for 127.0.0.1 at 2023-11-07 13:57:14 +0300
Processing by ArmsController#output as HTML
  Parameters: {"val"=>"3", "commit"=>"Go!"}
  Rendering layout layouts/application.html.erb
  Rendering arms/output.html.erb within layouts/application
  Rendered arms/output.html.erb within layouts/application (Duration: 0.4ms | Allocations: 285)
  Rendered layout layouts/application.html.erb (Duration: 11.6ms | Allocations: 13485)
Completed 200 OK in 14ms (Views: 12.5ms | ActiveRecord: 0.0ms | Allocations: 20694)


Started GET "/arms/output?val=3&commit=Go%21" for 127.0.0.1 at 2023-11-07 13:57:24 +0300
Processing by ArmsController#output as HTML
  Parameters: {"val"=>"3", "commit"=>"Go!"}
  Rendering layout layouts/application.html.erb
  Rendering arms/output.html.erb within layouts/application
  Rendered arms/output.html.erb within layouts/application (Duration: 0.4ms | Allocations: 285)
  Rendered layout layouts/application.html.erb (Duration: 10.5ms | Allocations: 13584)
Completed 200 OK in 14ms (Views: 12.0ms | ActiveRecord: 0.0ms | Allocations: 20796)


Started GET "/arms/output?val=3&commit=Go%21" for 127.0.0.1 at 2023-11-07 13:57:25 +0300
Processing by ArmsController#output as HTML
  Parameters: {"val"=>"3", "commit"=>"Go!"}
  Rendering layout layouts/application.html.erb
  Rendering arms/output.html.erb within layouts/application
  Rendered arms/output.html.erb within layouts/application (Duration: 0.1ms | Allocations: 47)
  Rendered layout layouts/application.html.erb (Duration: 3.3ms | Allocations: 2154)
Completed 200 OK in 5ms (Views: 3.7ms | ActiveRecord: 0.0ms | Allocations: 8707)


Started GET "/arms/output?val=3&commit=Go%21" for 127.0.0.1 at 2023-11-07 13:57:25 +0300
Processing by ArmsController#output as HTML
  Parameters: {"val"=>"3", "commit"=>"Go!"}
  Rendering layout layouts/application.html.erb
  Rendering arms/output.html.erb within layouts/application
  Rendered arms/output.html.erb within layouts/application (Duration: 0.5ms | Allocations: 47)
  Rendered layout layouts/application.html.erb (Duration: 4.3ms | Allocations: 2145)
Completed 200 OK in 6ms (Views: 4.7ms | ActiveRecord: 0.0ms | Allocations: 8697)


Started GET "/arms/output?val=3&commit=Go%21" for 127.0.0.1 at 2023-11-07 13:57:44 +0300
Processing by ArmsController#output as HTML
  Parameters: {"val"=>"3", "commit"=>"Go!"}
  Rendering layout layouts/application.html.erb
  Rendering arms/output.html.erb within layouts/application
  Rendered arms/output.html.erb within layouts/application (Duration: 1.1ms | Allocations: 285)
  Rendered layout layouts/application.html.erb (Duration: 11.4ms | Allocations: 13605)
Completed 200 OK in 16ms (Views: 13.1ms | ActiveRecord: 0.0ms | Allocations: 20817)


Started GET "/arms/output?val=3&commit=Go%21" for 127.0.0.1 at 2023-11-07 13:57:58 +0300
Processing by ArmsController#output as HTML
  Parameters: {"val"=>"3", "commit"=>"Go!"}
  Rendering layout layouts/application.html.erb
  Rendering arms/output.html.erb within layouts/application
  Rendered arms/output.html.erb within layouts/application (Duration: 0.7ms | Allocations: 283)
  Rendered layout layouts/application.html.erb (Duration: 10.2ms | Allocations: 13385)
Completed 200 OK in 14ms (Views: 11.4ms | ActiveRecord: 0.0ms | Allocations: 20594)


Started GET "/arms/output?val=3&commit=Go%21" for 127.0.0.1 at 2023-11-07 13:58:28 +0300
Processing by ArmsController#output as HTML
  Parameters: {"val"=>"3", "commit"=>"Go!"}
  Rendering layout layouts/application.html.erb
  Rendering arms/output.html.erb within layouts/application
  Rendered arms/output.html.erb within layouts/application (Duration: 0.6ms | Allocations: 286)
  Rendered layout layouts/application.html.erb (Duration: 10.3ms | Allocations: 13603)
Completed 200 OK in 15ms (Views: 11.6ms | ActiveRecord: 0.0ms | Allocations: 20815)


Started GET "/arms/input" for 127.0.0.1 at 2023-11-07 13:58:49 +0300
Processing by ArmsController#input as HTML
  Rendering layout layouts/application.html.erb
  Rendering arms/input.html.erb within layouts/application
  Rendered arms/input.html.erb within layouts/application (Duration: 0.5ms | Allocations: 293)
  Rendered layout layouts/application.html.erb (Duration: 2.7ms | Allocations: 2398)
Completed 200 OK in 3ms (Views: 2.9ms | ActiveRecord: 0.0ms | Allocations: 2704)


Started GET "/arms/output?val=2&commit=Go%21" for 127.0.0.1 at 2023-11-07 13:58:51 +0300
Processing by ArmsController#output as HTML
  Parameters: {"val"=>"2", "commit"=>"Go!"}
  Rendering layout layouts/application.html.erb
  Rendering arms/output.html.erb within layouts/application
  Rendered arms/output.html.erb within layouts/application (Duration: 0.2ms | Allocations: 40)
  Rendered layout layouts/application.html.erb (Duration: 4.8ms | Allocations: 2132)
Completed 200 OK in 6ms (Views: 5.3ms | ActiveRecord: 0.0ms | Allocations: 2926)


Started GET "/arms/input" for 127.0.0.1 at 2023-11-07 13:59:26 +0300
  
SyntaxError (/home/alya/lab_8/app/controllers/arms_controller.rb:28: syntax error, unexpected end-of-input):
  
app/controllers/arms_controller.rb:28: syntax error, unexpected end-of-input
Started GET "/arms/input" for 127.0.0.1 at 2023-11-07 13:59:41 +0300
  
NoMethodError (undefined method `empty?' for nil:NilClass):
  
app/controllers/arms_controller.rb:19:in `<class:ArmsController>'
app/controllers/arms_controller.rb:1:in `<main>'
Started GET "/arms/input" for 127.0.0.1 at 2023-11-07 14:09:22 +0300
Processing by ArmsController#input as HTML
  Rendering layout layouts/application.html.erb
  Rendering arms/input.html.erb within layouts/application
  Rendered arms/input.html.erb within layouts/application (Duration: 0.4ms | Allocations: 306)
  Rendered layout layouts/application.html.erb (Duration: 7.6ms | Allocations: 13621)
Completed 200 OK in 10ms (Views: 8.9ms | ActiveRecord: 0.0ms | Allocations: 14523)


Started GET "/arms/output?val=3&commit=Go%21" for 127.0.0.1 at 2023-11-07 14:09:30 +0300
Processing by ArmsController#output as HTML
  Parameters: {"val"=>"3", "commit"=>"Go!"}
  Rendering layout layouts/application.html.erb
  Rendering arms/output.html.erb within layouts/application
  Rendered arms/output.html.erb within layouts/application (Duration: 0.5ms | Allocations: 268)
  Rendered layout layouts/application.html.erb (Duration: 2.3ms | Allocations: 2357)
Completed 200 OK in 4ms (Views: 2.5ms | ActiveRecord: 0.0ms | Allocations: 8973)


Started GET "/arms/output?val=3&commit=Go%21" for 127.0.0.1 at 2023-11-07 14:11:18 +0300
Processing by ArmsController#output as HTML
  Parameters: {"val"=>"3", "commit"=>"Go!"}
  Rendering layout layouts/application.html.erb
  Rendering arms/output.html.erb within layouts/application
  Rendered arms/output.html.erb within layouts/application (Duration: 0.1ms | Allocations: 47)
  Rendered layout layouts/application.html.erb (Duration: 1.9ms | Allocations: 2151)
Completed 200 OK in 3ms (Views: 2.2ms | ActiveRecord: 0.0ms | Allocations: 8704)


Started GET "/arms/output?val=3&commit=Go%21" for 127.0.0.1 at 2023-11-07 14:23:09 +0300
  [1m[36mActiveRecord::SchemaMigration Load (0.1ms)[0m  [1m[34mSELECT "schema_migrations"."version" FROM "schema_migrations" ORDER BY "schema_migrations"."version" ASC[0m
Processing by ArmsController#output as HTML
  Parameters: {"val"=>"3", "commit"=>"Go!"}
  Rendering layout layouts/application.html.erb
  Rendering arms/output.html.erb within layouts/application
  Rendered arms/output.html.erb within layouts/application (Duration: 2.6ms | Allocations: 508)
  Rendered layout layouts/application.html.erb (Duration: 54.4ms | Allocations: 41183)
Completed 200 OK in 75ms (Views: 60.1ms | ActiveRecord: 0.0ms | Allocations: 51572)


Started GET "/" for 127.0.0.1 at 2023-11-07 14:23:14 +0300
Processing by ArmsController#input as HTML
  Rendering layout layouts/application.html.erb
  Rendering arms/input.html.erb within layouts/application
  Rendered arms/input.html.erb within layouts/application (Duration: 0.8ms | Allocations: 350)
  Rendered layout layouts/application.html.erb (Duration: 4.0ms | Allocations: 2465)
Completed 200 OK in 5ms (Views: 4.5ms | ActiveRecord: 0.0ms | Allocations: 2775)


Started GET "/arms/output?val=3&commit=Go%21" for 127.0.0.1 at 2023-11-07 14:23:18 +0300
Processing by ArmsController#output as HTML
  Parameters: {"val"=>"3", "commit"=>"Go!"}
  Rendering layout layouts/application.html.erb
  Rendering arms/output.html.erb within layouts/application
  Rendered arms/output.html.erb within layouts/application (Duration: 0.2ms | Allocations: 47)
  Rendered layout layouts/application.html.erb (Duration: 3.0ms | Allocations: 2153)
Completed 200 OK in 6ms (Views: 3.4ms | ActiveRecord: 0.0ms | Allocations: 8709)


Started GET "/arms/input" for 127.0.0.1 at 2023-11-07 14:23:21 +0300
Processing by ArmsController#input as HTML
  Rendering layout layouts/application.html.erb
  Rendering arms/input.html.erb within layouts/application
  Rendered arms/input.html.erb within layouts/application (Duration: 0.1ms | Allocations: 89)
  Rendered layout layouts/application.html.erb (Duration: 1.7ms | Allocations: 2193)
Completed 200 OK in 2ms (Views: 1.9ms | ActiveRecord: 0.0ms | Allocations: 2441)


Started GET "/arms/output?val=10&commit=Go%21" for 127.0.0.1 at 2023-11-07 14:23:23 +0300
Processing by ArmsController#output as HTML
  Parameters: {"val"=>"10", "commit"=>"Go!"}
Started GET "/arms/input" for 127.0.0.1 at 2023-11-07 14:23:31 +0300
Started GET "/arms/output?val=4&commit=Go%21" for 127.0.0.1 at 2023-11-07 14:23:33 +0300
Processing by ArmsController#input as HTML
  Rendering layout layouts/application.html.erb
  Rendering arms/input.html.erb within layouts/application
  Rendered arms/input.html.erb within layouts/application (Duration: 0.2ms | Allocations: 89)
Processing by ArmsController#output as HTML
  Parameters: {"val"=>"4", "commit"=>"Go!"}
Started GET "/" for 127.0.0.1 at 2023-11-07 14:23:40 +0300
  Rendering layout layouts/application.html.erb
  Rendering arms/output.html.erb within layouts/application
  Rendered arms/output.html.erb within layouts/application (Duration: 0.1ms | Allocations: 45)
  Rendered layout layouts/application.html.erb (Duration: 201.3ms | Allocations: 1275821)
  Rendered layout layouts/application.html.erb (Duration: 1501.7ms | Allocations: 9538246)
Completed 200 OK in 901ms (Views: 488.8ms | ActiveRecord: 0.0ms | Allocations: 5696831)


Completed 200 OK in 2302ms (Views: 1801.4ms | ActiveRecord: 0.0ms | Allocations: 14741642)


Started GET "/arms/output?val=4&commit=Go%21" for 127.0.0.1 at 2023-11-07 14:23:46 +0300
Processing by ArmsController#input as HTML
  Rendering layout layouts/application.html.erb
  Rendering arms/input.html.erb within layouts/application
  Rendered arms/input.html.erb within layouts/application (Duration: 0.2ms | Allocations: 89)
  Rendered layout layouts/application.html.erb (Duration: 2404.5ms | Allocations: 14984065)
Completed 200 OK in 3205ms (Views: 2604.5ms | ActiveRecord: 0.0ms | Allocations: 19812522)


Processing by ArmsController#output as HTML
  Parameters: {"val"=>"4", "commit"=>"Go!"}
  Rendering layout layouts/application.html.erb
  Rendering arms/output.html.erb within layouts/application
  Rendered arms/output.html.erb within layouts/application (Duration: 100.2ms | Allocations: 531933)
  Rendered layout layouts/application.html.erb (Duration: 2291.6ms | Allocations: 14359818)
Completed 200 OK in 2602ms (Views: 2492.0ms | ActiveRecord: 0.0ms | Allocations: 16379221)


Started GET "/" for 127.0.0.1 at 2023-11-07 14:26:22 +0300
  [1m[36mActiveRecord::SchemaMigration Load (0.1ms)[0m  [1m[34mSELECT "schema_migrations"."version" FROM "schema_migrations" ORDER BY "schema_migrations"."version" ASC[0m
Processing by ArmsController#input as HTML
  Rendering layout layouts/application.html.erb
  Rendering arms/input.html.erb within layouts/application
  Rendered arms/input.html.erb within layouts/application (Duration: 1.5ms | Allocations: 495)
  Rendered layout layouts/application.html.erb (Duration: 64.1ms | Allocations: 35339)
Completed 200 OK in 69ms (Views: 65.9ms | ActiveRecord: 0.0ms | Allocations: 39401)


Started GET "/arms/output?val=2&commit=Go%21" for 127.0.0.1 at 2023-11-07 14:26:26 +0300
Processing by ArmsController#output as HTML
  Parameters: {"val"=>"2", "commit"=>"Go!"}
  Rendering layout layouts/application.html.erb
  Rendering arms/output.html.erb within layouts/application
  Rendered arms/output.html.erb within layouts/application (Duration: 1.0ms | Allocations: 328)
  Rendered layout layouts/application.html.erb (Duration: 3.9ms | Allocations: 2451)
Completed 200 OK in 5ms (Views: 4.4ms | ActiveRecord: 0.0ms | Allocations: 3314)


Started GET "/arms/input" for 127.0.0.1 at 2023-11-07 14:26:28 +0300
Processing by ArmsController#input as HTML
  Rendering layout layouts/application.html.erb
  Rendering arms/input.html.erb within layouts/application
  Rendered arms/input.html.erb within layouts/application (Duration: 0.2ms | Allocations: 89)
  Rendered layout layouts/application.html.erb (Duration: 3.6ms | Allocations: 2187)
Completed 200 OK in 4ms (Views: 4.2ms | ActiveRecord: 0.0ms | Allocations: 2433)


Started GET "/arms/output?val=3&commit=Go%21" for 127.0.0.1 at 2023-11-07 14:26:30 +0300
Processing by ArmsController#output as HTML
  Parameters: {"val"=>"3", "commit"=>"Go!"}
  Rendering layout layouts/application.html.erb
  Rendering arms/output.html.erb within layouts/application
  Rendered arms/output.html.erb within layouts/application (Duration: 0.2ms | Allocations: 47)
  Rendered layout layouts/application.html.erb (Duration: 3.3ms | Allocations: 2151)
Completed 200 OK in 7ms (Views: 4.2ms | ActiveRecord: 0.0ms | Allocations: 8707)


Started GET "/arms/input" for 127.0.0.1 at 2023-11-07 14:26:37 +0300
Processing by ArmsController#input as HTML
  Rendering layout layouts/application.html.erb
  Rendering arms/input.html.erb within layouts/application
  Rendered arms/input.html.erb within layouts/application (Duration: 0.4ms | Allocations: 89)
  Rendered layout layouts/application.html.erb (Duration: 3.0ms | Allocations: 2193)
Completed 200 OK in 4ms (Views: 3.6ms | ActiveRecord: 0.0ms | Allocations: 2441)


Started GET "/arms/input" for 127.0.0.1 at 2023-11-07 14:29:48 +0300
Processing by ArmsController#input as HTML
  Rendering layout layouts/application.html.erb
  Rendering arms/input.html.erb within layouts/application
  Rendered arms/input.html.erb within layouts/application (Duration: 0.4ms | Allocations: 304)
  Rendered layout layouts/application.html.erb (Duration: 13.7ms | Allocations: 16480)
Completed 200 OK in 15ms (Views: 14.5ms | ActiveRecord: 0.0ms | Allocations: 17383)


Started GET "/arms/output?val=2&commit=Go%21" for 127.0.0.1 at 2023-11-07 14:29:50 +0300
Processing by ArmsController#output as HTML
  Parameters: {"val"=>"2", "commit"=>"Go!"}
  Rendering layout layouts/application.html.erb
  Rendering arms/output.html.erb within layouts/application
  Rendered arms/output.html.erb within layouts/application (Duration: 0.4ms | Allocations: 261)
  Rendered layout layouts/application.html.erb (Duration: 2.4ms | Allocations: 2358)
Completed 200 OK in 3ms (Views: 2.7ms | ActiveRecord: 0.0ms | Allocations: 3214)


Started GET "/arms/input" for 127.0.0.1 at 2023-11-07 14:29:52 +0300
Processing by ArmsController#input as HTML
  Rendering layout layouts/application.html.erb
  Rendering arms/input.html.erb within layouts/application
  Rendered arms/input.html.erb within layouts/application (Duration: 0.3ms | Allocations: 89)
  Rendered layout layouts/application.html.erb (Duration: 2.5ms | Allocations: 2184)
Completed 200 OK in 3ms (Views: 2.9ms | ActiveRecord: 0.0ms | Allocations: 2430)


Started GET "/arms/output?val=4&commit=Go%21" for 127.0.0.1 at 2023-11-07 14:29:54 +0300
Processing by ArmsController#output as HTML
  Parameters: {"val"=>"4", "commit"=>"Go!"}
  Rendering layout layouts/application.html.erb
  Rendering arms/output.html.erb within layouts/application
  Rendered arms/output.html.erb within layouts/application (Duration: 0.2ms | Allocations: 45)
  Rendered layout layouts/application.html.erb (Duration: 2.2ms | Allocations: 2192)
Completed 200 OK in 20ms (Views: 2.7ms | ActiveRecord: 0.0ms | Allocations: 74449)


Started GET "/arms/input" for 127.0.0.1 at 2023-11-07 14:29:58 +0300
Processing by ArmsController#input as HTML
  Rendering layout layouts/application.html.erb
  Rendering arms/input.html.erb within layouts/application
  Rendered arms/input.html.erb within layouts/application (Duration: 0.1ms | Allocations: 89)
  Rendered layout layouts/application.html.erb (Duration: 2.8ms | Allocations: 2197)
Completed 200 OK in 4ms (Views: 3.3ms | ActiveRecord: 0.0ms | Allocations: 2443)


Started GET "/arms/output?val=1&commit=Go%21" for 127.0.0.1 at 2023-11-07 14:30:56 +0300
Processing by ArmsController#output as HTML
  Parameters: {"val"=>"1", "commit"=>"Go!"}
  Rendering layout layouts/application.html.erb
  Rendering arms/output.html.erb within layouts/application
  Rendered arms/output.html.erb within layouts/application (Duration: 0.3ms | Allocations: 294)
  Rendered layout layouts/application.html.erb (Duration: 7.5ms | Allocations: 14918)
Completed 200 OK in 9ms (Views: 8.4ms | ActiveRecord: 0.0ms | Allocations: 15876)


Started GET "/arms/output?val=1&commit=Go%21" for 127.0.0.1 at 2023-11-07 14:30:56 +0300
Processing by ArmsController#output as HTML
  Parameters: {"val"=>"1", "commit"=>"Go!"}
  Rendering layout layouts/application.html.erb
  Rendering arms/output.html.erb within layouts/application
  Rendered arms/output.html.erb within layouts/application (Duration: 0.1ms | Allocations: 57)
  Rendered layout layouts/application.html.erb (Duration: 1.8ms | Allocations: 2179)
Completed 200 OK in 2ms (Views: 2.1ms | ActiveRecord: 0.0ms | Allocations: 2476)


Started GET "/arms/input" for 127.0.0.1 at 2023-11-07 14:30:58 +0300
Processing by ArmsController#input as HTML
  Rendering layout layouts/application.html.erb
  Rendering arms/input.html.erb within layouts/application
  Rendered arms/input.html.erb within layouts/application (Duration: 0.5ms | Allocations: 294)
  Rendered layout layouts/application.html.erb (Duration: 2.1ms | Allocations: 2398)
Completed 200 OK in 3ms (Views: 2.4ms | ActiveRecord: 0.0ms | Allocations: 2704)


Started GET "/arms/output?val=2&commit=Go%21" for 127.0.0.1 at 2023-11-07 14:31:00 +0300
Processing by ArmsController#output as HTML
  Parameters: {"val"=>"2", "commit"=>"Go!"}
  Rendering layout layouts/application.html.erb
  Rendering arms/output.html.erb within layouts/application
  Rendered arms/output.html.erb within layouts/application (Duration: 0.1ms | Allocations: 40)
  Rendered layout layouts/application.html.erb (Duration: 1.8ms | Allocations: 2140)
Completed 200 OK in 3ms (Views: 2.3ms | ActiveRecord: 0.0ms | Allocations: 2934)


Started GET "/arms/input" for 127.0.0.1 at 2023-11-07 14:31:04 +0300
Processing by ArmsController#input as HTML
  Rendering layout layouts/application.html.erb
  Rendering arms/input.html.erb within layouts/application
  Rendered arms/input.html.erb within layouts/application (Duration: 0.2ms | Allocations: 89)
  Rendered layout layouts/application.html.erb (Duration: 2.0ms | Allocations: 2184)
Completed 200 OK in 3ms (Views: 2.3ms | ActiveRecord: 0.0ms | Allocations: 2430)


Started GET "/arms/output?val=3&commit=Go%21" for 127.0.0.1 at 2023-11-07 14:31:06 +0300
Processing by ArmsController#output as HTML
  Parameters: {"val"=>"3", "commit"=>"Go!"}
  Rendering layout layouts/application.html.erb
  Rendering arms/output.html.erb within layouts/application
  Rendered arms/output.html.erb within layouts/application (Duration: 0.3ms | Allocations: 47)
  Rendered layout layouts/application.html.erb (Duration: 3.3ms | Allocations: 2141)
Completed 200 OK in 8ms (Views: 4.2ms | ActiveRecord: 0.0ms | Allocations: 8695)


Started GET "/arms/output?val=3&commit=Go%21" for 127.0.0.1 at 2023-11-07 14:36:09 +0300
Processing by ArmsController#output as HTML
  Parameters: {"val"=>"3", "commit"=>"Go!"}
  Rendering layout layouts/application.html.erb
  Rendering arms/output.html.erb within layouts/application
  Rendered arms/output.html.erb within layouts/application (Duration: 0.2ms | Allocations: 47)
  Rendered layout layouts/application.html.erb (Duration: 6.3ms | Allocations: 3519)
Completed 200 OK in 10ms (Views: 6.8ms | ActiveRecord: 0.0ms | Allocations: 10071)


Started GET "/arms/input" for 127.0.0.1 at 2023-11-07 14:36:11 +0300
Processing by ArmsController#input as HTML
  Rendering layout layouts/application.html.erb
  Rendering arms/input.html.erb within layouts/application
  Rendered arms/input.html.erb within layouts/application (Duration: 0.2ms | Allocations: 89)
  Rendered layout layouts/application.html.erb (Duration: 2.2ms | Allocations: 2190)
Completed 200 OK in 3ms (Views: 2.5ms | ActiveRecord: 0.0ms | Allocations: 2436)


Started GET "/arms/input" for 127.0.0.1 at 2023-11-07 14:36:35 +0300
Processing by ArmsController#input as HTML
  Rendering layout layouts/application.html.erb
  Rendering arms/input.html.erb within layouts/application
  Rendered arms/input.html.erb within layouts/application (Duration: 0.1ms | Allocations: 89)
  Rendered layout layouts/application.html.erb (Duration: 6.6ms | Allocations: 3554)
Completed 200 OK in 7ms (Views: 6.9ms | ActiveRecord: 0.0ms | Allocations: 3798)


Started GET "/arms/input" for 127.0.0.1 at 2023-11-07 14:37:00 +0300
Processing by ArmsController#input as HTML
  Rendering layout layouts/application.html.erb
  Rendering arms/input.html.erb within layouts/application
  Rendered arms/input.html.erb within layouts/application (Duration: 0.2ms | Allocations: 89)
  Rendered layout layouts/application.html.erb (Duration: 8.2ms | Allocations: 3558)
Completed 200 OK in 9ms (Views: 9.1ms | ActiveRecord: 0.0ms | Allocations: 3802)


Started GET "/arms/input" for 127.0.0.1 at 2023-11-07 14:37:16 +0300
Processing by ArmsController#input as HTML
  Rendering layout layouts/application.html.erb
  Rendering arms/input.html.erb within layouts/application
  Rendered arms/input.html.erb within layouts/application (Duration: 0.2ms | Allocations: 89)
  Rendered layout layouts/application.html.erb (Duration: 6.3ms | Allocations: 3541)
Completed 200 OK in 7ms (Views: 7.1ms | ActiveRecord: 0.0ms | Allocations: 3785)


Started GET "/arms/output?val=3&commit=Go%21" for 127.0.0.1 at 2023-11-07 14:39:59 +0300
Processing by ArmsController#output as HTML
  Parameters: {"val"=>"3", "commit"=>"Go!"}
  Rendering layout layouts/application.html.erb
  Rendering arms/output.html.erb within layouts/application
  Rendered arms/output.html.erb within layouts/application (Duration: 0.3ms | Allocations: 47)
  Rendered layout layouts/application.html.erb (Duration: 4.1ms | Allocations: 2144)
Completed 200 OK in 8ms (Views: 4.7ms | ActiveRecord: 0.0ms | Allocations: 8699)


Started GET "/arms/input" for 127.0.0.1 at 2023-11-07 14:40:35 +0300
Processing by ArmsController#input as HTML
  Rendering layout layouts/application.html.erb
  Rendering arms/input.html.erb within layouts/application
  Rendered arms/input.html.erb within layouts/application (Duration: 0.3ms | Allocations: 89)
  Rendered layout layouts/application.html.erb (Duration: 3.1ms | Allocations: 2193)
Completed 200 OK in 4ms (Views: 3.8ms | ActiveRecord: 0.0ms | Allocations: 2439)


Started GET "/arms/input" for 127.0.0.1 at 2023-11-07 14:40:42 +0300
Processing by ArmsController#input as */*
  Rendering layout layouts/application.html.erb
  Rendering arms/input.html.erb within layouts/application
  Rendered arms/input.html.erb within layouts/application (Duration: 0.2ms | Allocations: 89)
  Rendered layout layouts/application.html.erb (Duration: 2.6ms | Allocations: 2098)
Completed 200 OK in 4ms (Views: 3.4ms | ActiveRecord: 0.0ms | Allocations: 2426)


Started GET "/arms/output?val=6&commit=Go%21" for 127.0.0.1 at 2023-11-07 14:40:47 +0300
Processing by ArmsController#output as HTML
  Parameters: {"val"=>"6", "commit"=>"Go!"}
  Rendering layout layouts/application.html.erb
  Rendering arms/output.html.erb within layouts/application
  Rendered arms/output.html.erb within layouts/application (Duration: 0.1ms | Allocations: 41)
  Rendered layout layouts/application.html.erb (Duration: 2.0ms | Allocations: 2158)
Completed 200 OK in 1514ms (Views: 2.5ms | ActiveRecord: 0.0ms | Allocations: 9002416)


Started GET "/arms/input" for 127.0.0.1 at 2023-11-07 14:42:38 +0300
Processing by ArmsController#input as HTML
  Rendering layout layouts/application.html.erb
  Rendering arms/input.html.erb within layouts/application
  Rendered arms/input.html.erb within layouts/application (Duration: 0.2ms | Allocations: 89)
  Rendered layout layouts/application.html.erb (Duration: 2.7ms | Allocations: 2202)
Completed 200 OK in 3ms (Views: 3.2ms | ActiveRecord: 0.0ms | Allocations: 2448)


Started GET "/arms/output?val=6&commit=Go%21" for 127.0.0.1 at 2023-11-07 14:42:42 +0300
Processing by ArmsController#output as HTML
  Parameters: {"val"=>"6", "commit"=>"Go!"}
  Rendering layout layouts/application.html.erb
  Rendering arms/output.html.erb within layouts/application
  Rendered arms/output.html.erb within layouts/application (Duration: 0.1ms | Allocations: 41)
  Rendered layout layouts/application.html.erb (Duration: 2.4ms | Allocations: 2149)
Completed 200 OK in 1472ms (Views: 2.8ms | ActiveRecord: 0.0ms | Allocations: 9002407)


Started GET "/arms/input" for 127.0.0.1 at 2023-11-07 14:42:46 +0300
Processing by ArmsController#input as HTML
  Rendering layout layouts/application.html.erb
  Rendering arms/input.html.erb within layouts/application
  Rendered arms/input.html.erb within layouts/application (Duration: 0.3ms | Allocations: 89)
  Rendered layout layouts/application.html.erb (Duration: 3.3ms | Allocations: 2196)
Completed 200 OK in 4ms (Views: 3.7ms | ActiveRecord: 0.0ms | Allocations: 2442)


Started GET "/arms/output?val=6&commit=Go%21" for 127.0.0.1 at 2023-11-07 14:42:49 +0300
Processing by ArmsController#output as HTML
  Parameters: {"val"=>"6", "commit"=>"Go!"}
  Rendering layout layouts/application.html.erb
  Rendering arms/output.html.erb within layouts/application
  Rendered arms/output.html.erb within layouts/application (Duration: 0.1ms | Allocations: 41)
  Rendered layout layouts/application.html.erb (Duration: 2.4ms | Allocations: 2173)
Completed 200 OK in 1555ms (Views: 2.8ms | ActiveRecord: 0.0ms | Allocations: 9002435)


